{"/home/travis/build/npmtest/node-npmtest-node-inspector/test.js":{"path":"/home/travis/build/npmtest/node-npmtest-node-inspector/test.js","s":{"1":2,"2":2,"3":2,"4":2,"5":2,"6":2,"7":2,"8":1,"9":2,"10":2,"11":1,"12":1,"13":1,"14":1,"15":2,"16":2,"17":2,"18":2,"19":1,"20":1,"21":2,"22":2,"23":2,"24":1,"25":1,"26":1,"27":1,"28":1,"29":1,"30":1,"31":1,"32":1,"33":1,"34":1,"35":1,"36":1,"37":1,"38":1,"39":2,"40":2,"41":1,"42":2,"43":2,"44":1,"45":2,"46":2,"47":1,"48":2,"49":2,"50":1,"51":1,"52":1,"53":1,"54":1},"b":{"1":[2,1,1,1],"2":[1,1,1,1],"3":[1,1],"4":[1,1],"5":[1,1],"6":[1,1],"7":[1,1],"8":[1,1],"9":[1,1],"10":[1,1,1],"11":[1,1],"12":[1,1],"13":[1,1],"14":[1,1],"15":[1,1],"16":[1,1],"17":[1,1]},"f":{"1":2,"2":2,"3":2,"4":2,"5":2,"6":1,"7":1,"8":1,"9":2,"10":2,"11":2,"12":2,"13":1},"fnMap":{"1":{"name":"(anonymous_1)","line":12,"loc":{"start":{"line":12,"column":1},"end":{"line":12,"column":13}}},"2":{"name":"(anonymous_2)","line":19,"loc":{"start":{"line":19,"column":5},"end":{"line":19,"column":17}}},"3":{"name":"(anonymous_3)","line":23,"loc":{"start":{"line":23,"column":24},"end":{"line":23,"column":36}}},"4":{"name":"(anonymous_4)","line":61,"loc":{"start":{"line":61,"column":5},"end":{"line":61,"column":17}}},"5":{"name":"(anonymous_5)","line":82,"loc":{"start":{"line":82,"column":5},"end":{"line":82,"column":17}}},"6":{"name":"(anonymous_6)","line":91,"loc":{"start":{"line":91,"column":77},"end":{"line":94,"column":10}}},"7":{"name":"(anonymous_7)","line":112,"loc":{"start":{"line":112,"column":83},"end":{"line":115,"column":10}},"skip":true},"8":{"name":"(anonymous_8)","line":123,"loc":{"start":{"line":123,"column":77},"end":{"line":126,"column":10}},"skip":true},"9":{"name":"(anonymous_9)","line":139,"loc":{"start":{"line":139,"column":12},"end":{"line":139,"column":40}},"skip":true},"10":{"name":"(anonymous_10)","line":147,"loc":{"start":{"line":147,"column":77},"end":{"line":150,"column":10}},"skip":true},"11":{"name":"(anonymous_11)","line":158,"loc":{"start":{"line":158,"column":83},"end":{"line":161,"column":10}},"skip":true},"12":{"name":"(anonymous_12)","line":169,"loc":{"start":{"line":169,"column":79},"end":{"line":172,"column":10}},"skip":true},"13":{"name":"(anonymous_13)","line":180,"loc":{"start":{"line":180,"column":75},"end":{"line":183,"column":10}},"skip":true}},"statementMap":{"1":{"start":{"line":12,"column":0},"end":{"line":195,"column":5}},"2":{"start":{"line":14,"column":4},"end":{"line":14,"column":14}},"3":{"start":{"line":19,"column":4},"end":{"line":56,"column":9}},"4":{"start":{"line":21,"column":8},"end":{"line":21,"column":19}},"5":{"start":{"line":23,"column":8},"end":{"line":35,"column":13}},"6":{"start":{"line":24,"column":12},"end":{"line":34,"column":13}},"7":{"start":{"line":25,"column":16},"end":{"line":28,"column":30}},"8":{"start":{"line":30,"column":16},"end":{"line":33,"column":27}},"9":{"start":{"line":37,"column":8},"end":{"line":39,"column":21}},"10":{"start":{"line":40,"column":8},"end":{"line":53,"column":9}},"11":{"start":{"line":43,"column":12},"end":{"line":46,"column":14}},"12":{"start":{"line":47,"column":12},"end":{"line":47,"column":18}},"13":{"start":{"line":50,"column":12},"end":{"line":51,"column":46}},"14":{"start":{"line":52,"column":12},"end":{"line":52,"column":18}},"15":{"start":{"line":55,"column":8},"end":{"line":55,"column":35}},"16":{"start":{"line":61,"column":4},"end":{"line":63,"column":9}},"17":{"start":{"line":62,"column":8},"end":{"line":62,"column":15}},"18":{"start":{"line":64,"column":4},"end":{"line":77,"column":5}},"19":{"start":{"line":70,"column":8},"end":{"line":70,"column":14}},"20":{"start":{"line":76,"column":8},"end":{"line":76,"column":14}},"21":{"start":{"line":82,"column":4},"end":{"line":84,"column":9}},"22":{"start":{"line":83,"column":8},"end":{"line":83,"column":15}},"23":{"start":{"line":85,"column":4},"end":{"line":194,"column":5}},"24":{"start":{"line":91,"column":8},"end":{"line":99,"column":10}},"25":{"start":{"line":98,"column":12},"end":{"line":98,"column":35}},"26":{"start":{"line":102,"column":8},"end":{"line":104,"column":63}},"27":{"start":{"line":105,"column":8},"end":{"line":105,"column":14}},"28":{"start":{"line":112,"column":8},"end":{"line":121,"column":10},"skip":true},"29":{"start":{"line":119,"column":12},"end":{"line":119,"column":55},"skip":true},"30":{"start":{"line":120,"column":12},"end":{"line":120,"column":48},"skip":true},"31":{"start":{"line":123,"column":8},"end":{"line":136,"column":10},"skip":true},"32":{"start":{"line":130,"column":12},"end":{"line":130,"column":76},"skip":true},"33":{"start":{"line":131,"column":12},"end":{"line":131,"column":73},"skip":true},"34":{"start":{"line":132,"column":12},"end":{"line":132,"column":74},"skip":true},"35":{"start":{"line":133,"column":12},"end":{"line":133,"column":79},"skip":true},"36":{"start":{"line":134,"column":12},"end":{"line":134,"column":25},"skip":true},"37":{"start":{"line":135,"column":12},"end":{"line":135,"column":45},"skip":true},"38":{"start":{"line":138,"column":8},"end":{"line":145,"column":14},"skip":true},"39":{"start":{"line":143,"column":16},"end":{"line":143,"column":29},"skip":true},"40":{"start":{"line":144,"column":16},"end":{"line":144,"column":55},"skip":true},"41":{"start":{"line":147,"column":8},"end":{"line":156,"column":10},"skip":true},"42":{"start":{"line":154,"column":12},"end":{"line":154,"column":25},"skip":true},"43":{"start":{"line":155,"column":12},"end":{"line":155,"column":45},"skip":true},"44":{"start":{"line":158,"column":8},"end":{"line":167,"column":10},"skip":true},"45":{"start":{"line":165,"column":12},"end":{"line":165,"column":25},"skip":true},"46":{"start":{"line":166,"column":12},"end":{"line":166,"column":48},"skip":true},"47":{"start":{"line":169,"column":8},"end":{"line":178,"column":10},"skip":true},"48":{"start":{"line":176,"column":12},"end":{"line":176,"column":25},"skip":true},"49":{"start":{"line":177,"column":12},"end":{"line":177,"column":46},"skip":true},"50":{"start":{"line":180,"column":8},"end":{"line":189,"column":10},"skip":true},"51":{"start":{"line":187,"column":12},"end":{"line":187,"column":94},"skip":true},"52":{"start":{"line":188,"column":12},"end":{"line":188,"column":48},"skip":true},"53":{"start":{"line":192,"column":8},"end":{"line":192,"column":35},"skip":true},"54":{"start":{"line":193,"column":8},"end":{"line":193,"column":14},"skip":true}},"branchMap":{"1":{"line":25,"type":"binary-expr","locations":[{"start":{"line":25,"column":23},"end":{"line":25,"column":62}},{"start":{"line":26,"column":20},"end":{"line":26,"column":70}},{"start":{"line":27,"column":20},"end":{"line":27,"column":71}},{"start":{"line":28,"column":20},"end":{"line":28,"column":29}}]},"2":{"line":30,"type":"binary-expr","locations":[{"start":{"line":30,"column":23},"end":{"line":30,"column":37}},{"start":{"line":31,"column":20},"end":{"line":31,"column":61}},{"start":{"line":32,"column":20},"end":{"line":32,"column":70}},{"start":{"line":33,"column":20},"end":{"line":33,"column":26}}]},"3":{"line":37,"type":"cond-expr","locations":[{"start":{"line":38,"column":14},"end":{"line":38,"column":20}},{"start":{"line":39,"column":14},"end":{"line":39,"column":20}}]},"4":{"line":40,"type":"switch","locations":[{"start":{"line":42,"column":8},"end":{"line":47,"column":18}},{"start":{"line":49,"column":8},"end":{"line":52,"column":18}}]},"5":{"line":44,"type":"binary-expr","locations":[{"start":{"line":44,"column":16},"end":{"line":44,"column":44}},{"start":{"line":44,"column":48},"end":{"line":44,"column":66}}]},"6":{"line":50,"type":"binary-expr","locations":[{"start":{"line":50,"column":21},"end":{"line":50,"column":49}},{"start":{"line":50,"column":53},"end":{"line":50,"column":72}}]},"7":{"line":64,"type":"switch","locations":[{"start":{"line":69,"column":4},"end":{"line":70,"column":14}},{"start":{"line":75,"column":4},"end":{"line":76,"column":14}}]},"8":{"line":85,"type":"switch","locations":[{"start":{"line":90,"column":4},"end":{"line":105,"column":14}},{"start":{"line":111,"column":4},"end":{"line":193,"column":14},"skip":true}]},"9":{"line":91,"type":"binary-expr","locations":[{"start":{"line":91,"column":42},"end":{"line":91,"column":73}},{"start":{"line":91,"column":77},"end":{"line":99,"column":9}}]},"10":{"line":102,"type":"binary-expr","locations":[{"start":{"line":102,"column":18},"end":{"line":102,"column":32}},{"start":{"line":103,"column":12},"end":{"line":103,"column":53}},{"start":{"line":104,"column":12},"end":{"line":104,"column":61}}]},"11":{"line":112,"type":"binary-expr","locations":[{"start":{"line":112,"column":45},"end":{"line":112,"column":79},"skip":true},{"start":{"line":112,"column":83},"end":{"line":121,"column":9},"skip":true}]},"12":{"line":123,"type":"binary-expr","locations":[{"start":{"line":123,"column":42},"end":{"line":123,"column":73},"skip":true},{"start":{"line":123,"column":77},"end":{"line":136,"column":9},"skip":true}]},"13":{"line":138,"type":"binary-expr","locations":[{"start":{"line":138,"column":48},"end":{"line":138,"column":85},"skip":true},{"start":{"line":139,"column":12},"end":{"line":145,"column":13},"skip":true}]},"14":{"line":147,"type":"binary-expr","locations":[{"start":{"line":147,"column":42},"end":{"line":147,"column":73},"skip":true},{"start":{"line":147,"column":77},"end":{"line":156,"column":9},"skip":true}]},"15":{"line":158,"type":"binary-expr","locations":[{"start":{"line":158,"column":45},"end":{"line":158,"column":79},"skip":true},{"start":{"line":158,"column":83},"end":{"line":167,"column":9},"skip":true}]},"16":{"line":169,"type":"binary-expr","locations":[{"start":{"line":169,"column":43},"end":{"line":169,"column":75},"skip":true},{"start":{"line":169,"column":79},"end":{"line":178,"column":9},"skip":true}]},"17":{"line":180,"type":"binary-expr","locations":[{"start":{"line":180,"column":41},"end":{"line":180,"column":71},"skip":true},{"start":{"line":180,"column":75},"end":{"line":189,"column":9},"skip":true}]}},"code":["/* istanbul instrument in package npmtest_node_inspector */","/*jslint","    bitwise: true,","    browser: true,","    maxerr: 8,","    maxlen: 96,","    node: true,","    nomen: true,","    regexp: true,","    stupid: true","*/","(function () {","    'use strict';","    var local;","","","","    // run shared js-env code - pre-init","    (function () {","        // init local","        local = {};","        // init modeJs","        local.modeJs = (function () {","            try {","                return typeof navigator.userAgent === 'string' &&","                    typeof document.querySelector('body') === 'object' &&","                    typeof XMLHttpRequest.prototype.open === 'function' &&","                    'browser';","            } catch (errorCaughtBrowser) {","                return module.exports &&","                    typeof process.versions.node === 'string' &&","                    typeof require('http').createServer === 'function' &&","                    'node';","            }","        }());","        // init global","        local.global = local.modeJs === 'browser'","            ? window","            : global;","        switch (local.modeJs) {","        // re-init local from window.local","        case 'browser':","            local = local.global.utility2.objectSetDefault(","                local.global.utility2_rollup || local.global.local,","                local.global.utility2","            );","            break;","        // re-init local from example.js","        case 'node':","            local = (local.global.utility2_rollup || require('utility2'))","                .requireExampleJsFromReadme();","            break;","        }","        // export local","        local.global.local = local;","    }());","","","","    // run shared js-env code - function","    (function () {","        return;","    }());","    switch (local.modeJs) {","","","","    // run browser js-env code - function","    case 'browser':","        break;","","","","    // run node js-env code - function","    case 'node':","        break;","    }","","","","    // run shared js-env code - post-init","    (function () {","        return;","    }());","    switch (local.modeJs) {","","","","    // run browser js-env code - post-init","    case 'browser':","        local.testCase_browser_nullCase = local.testCase_browser_nullCase || function (","            options,","            onError","        ) {","        /*","         * this function will test browsers's null-case handling-behavior-behavior","         */","            onError(null, options);","        };","","        // run tests","        local.nop(local.modeTest &&","            document.querySelector('#testRunButton1') &&","            document.querySelector('#testRunButton1').click());","        break;","","","","    // run node js-env code - post-init","    /* istanbul ignore next */","    case 'node':","        local.testCase_buildApidoc_default = local.testCase_buildApidoc_default || function (","            options,","            onError","        ) {","        /*","         * this function will test buildApidoc's default handling-behavior-behavior","         */","            options = { modulePathList: module.paths };","            local.buildApidoc(options, onError);","        };","","        local.testCase_buildApp_default = local.testCase_buildApp_default || function (","            options,","            onError","        ) {","        /*","         * this function will test buildApp's default handling-behavior-behavior","         */","            local.testCase_buildReadme_default(options, local.onErrorThrow);","            local.testCase_buildLib_default(options, local.onErrorThrow);","            local.testCase_buildTest_default(options, local.onErrorThrow);","            local.testCase_buildCustomOrg_default(options, local.onErrorThrow);","            options = [];","            local.buildApp(options, onError);","        };","","        local.testCase_buildCustomOrg_default = local.testCase_buildCustomOrg_default ||","            function (options, onError) {","            /*","             * this function will test buildCustomOrg's default handling-behavior","             */","                options = {};","                local.buildCustomOrg(options, onError);","            };","","        local.testCase_buildLib_default = local.testCase_buildLib_default || function (","            options,","            onError","        ) {","        /*","         * this function will test buildLib's default handling-behavior","         */","            options = {};","            local.buildLib(options, onError);","        };","","        local.testCase_buildReadme_default = local.testCase_buildReadme_default || function (","            options,","            onError","        ) {","        /*","         * this function will test buildReadme's default handling-behavior-behavior","         */","            options = {};","            local.buildReadme(options, onError);","        };","","        local.testCase_buildTest_default = local.testCase_buildTest_default || function (","            options,","            onError","        ) {","        /*","         * this function will test buildTest's default handling-behavior","         */","            options = {};","            local.buildTest(options, onError);","        };","","        local.testCase_webpage_default = local.testCase_webpage_default || function (","            options,","            onError","        ) {","        /*","         * this function will test webpage's default handling-behavior","         */","            options = { modeCoverageMerge: true, url: local.serverLocalHost + '?modeTest=1' };","            local.browserTest(options, onError);","        };","","        // run test-server","        local.testRunServer(local);","        break;","    }","}());",""],"l":{"12":2,"14":2,"19":2,"21":2,"23":2,"24":2,"25":2,"30":1,"37":2,"40":2,"43":1,"47":1,"50":1,"52":1,"55":2,"61":2,"62":2,"64":2,"70":1,"76":1,"82":2,"83":2,"85":2,"91":1,"98":1,"102":1,"105":1,"112":1,"119":1,"120":1,"123":1,"130":1,"131":1,"132":1,"133":1,"134":1,"135":1,"138":1,"143":2,"144":2,"147":1,"154":2,"155":2,"158":1,"165":2,"166":2,"169":1,"176":2,"177":2,"180":1,"187":1,"188":1,"192":1,"193":1}},"/home/travis/build/npmtest/node-npmtest-node-inspector/lib.npmtest_node_inspector.js":{"path":"/home/travis/build/npmtest/node-npmtest-node-inspector/lib.npmtest_node_inspector.js","s":{"1":2,"2":2,"3":2,"4":2,"5":2,"6":2,"7":2,"8":1,"9":2,"10":2,"11":2,"12":2,"13":1,"14":1,"15":1,"16":1},"b":{"1":[2,1,1,1],"2":[1,1,1,1],"3":[1,1],"4":[2,2],"5":[1,1]},"f":{"1":2,"2":2,"3":2},"fnMap":{"1":{"name":"(anonymous_1)","line":12,"loc":{"start":{"line":12,"column":1},"end":{"line":12,"column":13}}},"2":{"name":"(anonymous_2)","line":19,"loc":{"start":{"line":19,"column":5},"end":{"line":19,"column":17}}},"3":{"name":"(anonymous_3)","line":23,"loc":{"start":{"line":23,"column":24},"end":{"line":23,"column":36}}}},"statementMap":{"1":{"start":{"line":12,"column":0},"end":{"line":53,"column":5}},"2":{"start":{"line":14,"column":4},"end":{"line":14,"column":14}},"3":{"start":{"line":19,"column":4},"end":{"line":52,"column":9}},"4":{"start":{"line":21,"column":8},"end":{"line":21,"column":19}},"5":{"start":{"line":23,"column":8},"end":{"line":35,"column":13}},"6":{"start":{"line":24,"column":12},"end":{"line":34,"column":13}},"7":{"start":{"line":25,"column":16},"end":{"line":28,"column":30}},"8":{"start":{"line":30,"column":16},"end":{"line":33,"column":27}},"9":{"start":{"line":37,"column":8},"end":{"line":39,"column":21}},"10":{"start":{"line":41,"column":8},"end":{"line":41,"column":54}},"11":{"start":{"line":43,"column":8},"end":{"line":43,"column":59}},"12":{"start":{"line":45,"column":8},"end":{"line":51,"column":9}},"13":{"start":{"line":46,"column":12},"end":{"line":46,"column":65}},"14":{"start":{"line":48,"column":12},"end":{"line":48,"column":35}},"15":{"start":{"line":49,"column":12},"end":{"line":49,"column":49}},"16":{"start":{"line":50,"column":12},"end":{"line":50,"column":43}}},"branchMap":{"1":{"line":25,"type":"binary-expr","locations":[{"start":{"line":25,"column":23},"end":{"line":25,"column":62}},{"start":{"line":26,"column":20},"end":{"line":26,"column":70}},{"start":{"line":27,"column":20},"end":{"line":27,"column":71}},{"start":{"line":28,"column":20},"end":{"line":28,"column":29}}]},"2":{"line":30,"type":"binary-expr","locations":[{"start":{"line":30,"column":23},"end":{"line":30,"column":37}},{"start":{"line":31,"column":20},"end":{"line":31,"column":61}},{"start":{"line":32,"column":20},"end":{"line":32,"column":70}},{"start":{"line":33,"column":20},"end":{"line":33,"column":26}}]},"3":{"line":37,"type":"cond-expr","locations":[{"start":{"line":38,"column":14},"end":{"line":38,"column":20}},{"start":{"line":39,"column":14},"end":{"line":39,"column":20}}]},"4":{"line":41,"type":"binary-expr","locations":[{"start":{"line":41,"column":16},"end":{"line":41,"column":44}},{"start":{"line":41,"column":48},"end":{"line":41,"column":53}}]},"5":{"line":45,"type":"if","locations":[{"start":{"line":45,"column":8},"end":{"line":45,"column":8}},{"start":{"line":45,"column":8},"end":{"line":45,"column":8}}]}},"code":["/* istanbul instrument in package npmtest_node_inspector */","/*jslint","    bitwise: true,","    browser: true,","    maxerr: 8,","    maxlen: 96,","    node: true,","    nomen: true,","    regexp: true,","    stupid: true","*/","(function () {","    'use strict';","    var local;","","","","    // run shared js-env code - pre-init","    (function () {","        // init local","        local = {};","        // init modeJs","        local.modeJs = (function () {","            try {","                return typeof navigator.userAgent === 'string' &&","                    typeof document.querySelector('body') === 'object' &&","                    typeof XMLHttpRequest.prototype.open === 'function' &&","                    'browser';","            } catch (errorCaughtBrowser) {","                return module.exports &&","                    typeof process.versions.node === 'string' &&","                    typeof require('http').createServer === 'function' &&","                    'node';","            }","        }());","        // init global","        local.global = local.modeJs === 'browser'","            ? window","            : global;","        // init utility2_rollup","        local = local.global.utility2_rollup || local;","        // init lib","        local.local = local.npmtest_node_inspector = local;","        // init exports","        if (local.modeJs === 'browser') {","            local.global.utility2_npmtest_node_inspector = local;","        } else {","            module.exports = local;","            module.exports.__dirname = __dirname;","            module.exports.module = module;","        }","    }());","}());",""],"l":{"12":2,"14":2,"19":2,"21":2,"23":2,"24":2,"25":2,"30":1,"37":2,"41":2,"43":2,"45":2,"46":1,"48":1,"49":1,"50":1}},"/home/travis/build/npmtest/node-npmtest-node-inspector/example.js":{"path":"/home/travis/build/npmtest/node-npmtest-node-inspector/example.js","s":{"1":2,"2":2,"3":2,"4":2,"5":2,"6":2,"7":2,"8":1,"9":2,"10":2,"11":2,"12":2,"13":1,"14":2,"15":2,"16":2,"17":2,"18":2,"19":0,"20":2,"21":1,"22":1,"23":1,"24":1,"25":1,"26":0,"27":0,"28":1,"29":1,"30":2,"31":0,"32":0,"33":0,"34":1,"35":2,"36":2,"37":3,"38":3,"39":3,"40":3,"41":0,"42":3,"43":3,"44":3,"45":1,"46":3,"47":1,"48":1,"49":1,"50":1,"51":1,"52":1,"53":1,"54":1,"55":1,"56":1,"57":0,"58":1,"59":6,"60":6,"61":1,"62":2,"63":0,"64":2,"65":1,"66":1,"67":0,"68":0,"69":0,"70":0,"71":0,"72":0,"73":0,"74":0,"75":0,"76":0,"77":0,"78":0,"79":0,"80":0,"81":0,"82":0,"83":0},"b":{"1":[2,1,1,1],"2":[1,1,1,1],"3":[1,1],"4":[2,2],"5":[1,1],"6":[1,1],"7":[2,0],"8":[2,1,1,1,1,1],"9":[0,2,0],"10":[1,1],"11":[2,1,1],"12":[1,0],"13":[0,2],"14":[2,0,0,0,0,0,0],"15":[0,3],"16":[3,0],"17":[1,1],"18":[0,1],"19":[1,2,0,2],"20":[1,0],"21":[1,1],"22":[0,0],"23":[0,0],"24":[0,0],"25":[0,0],"26":[0,0],"27":[0,0],"28":[0,0]},"f":{"1":2,"2":2,"3":2,"4":2,"5":2,"6":2,"7":3,"8":3,"9":3,"10":1,"11":6,"12":0},"fnMap":{"1":{"name":"(anonymous_1)","line":26,"loc":{"start":{"line":26,"column":1},"end":{"line":26,"column":13}}},"2":{"name":"(anonymous_2)","line":33,"loc":{"start":{"line":33,"column":5},"end":{"line":33,"column":17}}},"3":{"name":"(anonymous_3)","line":37,"loc":{"start":{"line":37,"column":24},"end":{"line":37,"column":36}}},"4":{"name":"(anonymous_4)","line":69,"loc":{"start":{"line":69,"column":31},"end":{"line":69,"column":48}},"skip":true},"5":{"name":"(anonymous_5)","line":78,"loc":{"start":{"line":78,"column":26},"end":{"line":78,"column":45}},"skip":true},"6":{"name":"(anonymous_6)","line":123,"loc":{"start":{"line":123,"column":33},"end":{"line":123,"column":48}},"skip":true},"7":{"name":"(anonymous_7)","line":125,"loc":{"start":{"line":125,"column":27},"end":{"line":125,"column":39}},"skip":true},"8":{"name":"(anonymous_8)","line":133,"loc":{"start":{"line":133,"column":59},"end":{"line":133,"column":74}},"skip":true},"9":{"name":"(anonymous_9)","line":143,"loc":{"start":{"line":143,"column":45},"end":{"line":143,"column":62}},"skip":true},"10":{"name":"(anonymous_10)","line":144,"loc":{"start":{"line":144,"column":73},"end":{"line":144,"column":92}},"skip":true},"11":{"name":"(anonymous_11)","line":272,"loc":{"start":{"line":272,"column":51},"end":{"line":272,"column":77}},"skip":true},"12":{"name":"(anonymous_12)","line":315,"loc":{"start":{"line":315,"column":32},"end":{"line":315,"column":61}},"skip":true}},"statementMap":{"1":{"start":{"line":26,"column":0},"end":{"line":326,"column":5}},"2":{"start":{"line":28,"column":4},"end":{"line":28,"column":14}},"3":{"start":{"line":33,"column":4},"end":{"line":60,"column":9}},"4":{"start":{"line":35,"column":8},"end":{"line":35,"column":19}},"5":{"start":{"line":37,"column":8},"end":{"line":49,"column":13}},"6":{"start":{"line":38,"column":12},"end":{"line":48,"column":13}},"7":{"start":{"line":39,"column":16},"end":{"line":42,"column":30}},"8":{"start":{"line":44,"column":16},"end":{"line":47,"column":27}},"9":{"start":{"line":51,"column":8},"end":{"line":53,"column":21}},"10":{"start":{"line":55,"column":8},"end":{"line":57,"column":45}},"11":{"start":{"line":59,"column":8},"end":{"line":59,"column":35}},"12":{"start":{"line":61,"column":4},"end":{"line":325,"column":5}},"13":{"start":{"line":69,"column":8},"end":{"line":121,"column":10},"skip":true},"14":{"start":{"line":70,"column":12},"end":{"line":88,"column":13},"skip":true},"15":{"start":{"line":76,"column":16},"end":{"line":87,"column":19},"skip":true},"16":{"start":{"line":79,"column":20},"end":{"line":86,"column":21},"skip":true},"17":{"start":{"line":82,"column":24},"end":{"line":82,"column":43},"skip":true},"18":{"start":{"line":83,"column":24},"end":{"line":83,"column":30},"skip":true},"19":{"start":{"line":85,"column":24},"end":{"line":85,"column":49},"skip":true},"20":{"start":{"line":89,"column":12},"end":{"line":107,"column":13},"skip":true},"21":{"start":{"line":92,"column":16},"end":{"line":102,"column":17},"skip":true},"22":{"start":{"line":93,"column":20},"end":{"line":93,"column":86},"skip":true},"23":{"start":{"line":94,"column":20},"end":{"line":95,"column":45},"skip":true},"24":{"start":{"line":96,"column":20},"end":{"line":96,"column":42},"skip":true},"25":{"start":{"line":97,"column":20},"end":{"line":97,"column":48},"skip":true},"26":{"start":{"line":100,"column":20},"end":{"line":100,"column":85},"skip":true},"27":{"start":{"line":101,"column":20},"end":{"line":101,"column":96},"skip":true},"28":{"start":{"line":103,"column":16},"end":{"line":103,"column":22},"skip":true},"29":{"start":{"line":106,"column":16},"end":{"line":106,"column":22},"skip":true},"30":{"start":{"line":108,"column":12},"end":{"line":120,"column":13},"skip":true},"31":{"start":{"line":114,"column":16},"end":{"line":119,"column":17},"skip":true},"32":{"start":{"line":116,"column":20},"end":{"line":116,"column":78},"skip":true},"33":{"start":{"line":118,"column":20},"end":{"line":118,"column":47},"skip":true},"34":{"start":{"line":123,"column":8},"end":{"line":141,"column":11},"skip":true},"35":{"start":{"line":124,"column":12},"end":{"line":124,"column":54},"skip":true},"36":{"start":{"line":125,"column":12},"end":{"line":140,"column":14},"skip":true},"37":{"start":{"line":126,"column":16},"end":{"line":126,"column":28},"skip":true},"38":{"start":{"line":127,"column":16},"end":{"line":127,"column":69},"skip":true},"39":{"start":{"line":128,"column":16},"end":{"line":128,"column":75},"skip":true},"40":{"start":{"line":129,"column":16},"end":{"line":131,"column":17},"skip":true},"41":{"start":{"line":130,"column":20},"end":{"line":130,"column":27},"skip":true},"42":{"start":{"line":133,"column":16},"end":{"line":137,"column":36},"skip":true},"43":{"start":{"line":134,"column":20},"end":{"line":136,"column":55},"skip":true},"44":{"start":{"line":139,"column":16},"end":{"line":139,"column":57},"skip":true},"45":{"start":{"line":143,"column":8},"end":{"line":147,"column":11},"skip":true},"46":{"start":{"line":144,"column":12},"end":{"line":146,"column":15},"skip":true},"47":{"start":{"line":145,"column":16},"end":{"line":145,"column":70},"skip":true},"48":{"start":{"line":149,"column":8},"end":{"line":149,"column":31},"skip":true},"49":{"start":{"line":150,"column":8},"end":{"line":150,"column":14},"skip":true},"50":{"start":{"line":158,"column":8},"end":{"line":158,"column":31},"skip":true},"51":{"start":{"line":160,"column":8},"end":{"line":160,"column":33},"skip":true},"52":{"start":{"line":161,"column":8},"end":{"line":161,"column":37},"skip":true},"53":{"start":{"line":162,"column":8},"end":{"line":162,"column":35},"skip":true},"54":{"start":{"line":164,"column":8},"end":{"line":164,"column":50},"skip":true},"55":{"start":{"line":166,"column":8},"end":{"line":256,"column":2},"skip":true},"56":{"start":{"line":258,"column":8},"end":{"line":286,"column":9},"skip":true},"57":{"start":{"line":259,"column":12},"end":{"line":269,"column":14},"skip":true},"58":{"start":{"line":271,"column":12},"end":{"line":285,"column":19},"skip":true},"59":{"start":{"line":274,"column":20},"end":{"line":274,"column":35},"skip":true},"60":{"start":{"line":275,"column":20},"end":{"line":284,"column":21},"skip":true},"61":{"start":{"line":277,"column":24},"end":{"line":277,"column":64},"skip":true},"62":{"start":{"line":279,"column":24},"end":{"line":279,"column":40},"skip":true},"63":{"start":{"line":281,"column":24},"end":{"line":281,"column":40},"skip":true},"64":{"start":{"line":283,"column":24},"end":{"line":283,"column":39},"skip":true},"65":{"start":{"line":288,"column":8},"end":{"line":290,"column":9},"skip":true},"66":{"start":{"line":289,"column":12},"end":{"line":289,"column":18},"skip":true},"67":{"start":{"line":291,"column":8},"end":{"line":293,"column":54},"skip":true},"68":{"start":{"line":296,"column":8},"end":{"line":301,"column":37},"skip":true},"69":{"start":{"line":303,"column":8},"end":{"line":303,"column":82},"skip":true},"70":{"start":{"line":306,"column":8},"end":{"line":308,"column":9},"skip":true},"71":{"start":{"line":307,"column":12},"end":{"line":307,"column":82},"skip":true},"72":{"start":{"line":310,"column":8},"end":{"line":312,"column":9},"skip":true},"73":{"start":{"line":311,"column":12},"end":{"line":311,"column":18},"skip":true},"74":{"start":{"line":313,"column":8},"end":{"line":313,"column":54},"skip":true},"75":{"start":{"line":314,"column":8},"end":{"line":314,"column":69},"skip":true},"76":{"start":{"line":315,"column":8},"end":{"line":323,"column":36},"skip":true},"77":{"start":{"line":316,"column":12},"end":{"line":316,"column":61},"skip":true},"78":{"start":{"line":317,"column":12},"end":{"line":320,"column":13},"skip":true},"79":{"start":{"line":318,"column":16},"end":{"line":318,"column":75},"skip":true},"80":{"start":{"line":319,"column":16},"end":{"line":319,"column":23},"skip":true},"81":{"start":{"line":321,"column":12},"end":{"line":321,"column":38},"skip":true},"82":{"start":{"line":322,"column":12},"end":{"line":322,"column":27},"skip":true},"83":{"start":{"line":324,"column":8},"end":{"line":324,"column":14},"skip":true}},"branchMap":{"1":{"line":39,"type":"binary-expr","locations":[{"start":{"line":39,"column":23},"end":{"line":39,"column":62}},{"start":{"line":40,"column":20},"end":{"line":40,"column":70}},{"start":{"line":41,"column":20},"end":{"line":41,"column":71}},{"start":{"line":42,"column":20},"end":{"line":42,"column":29}}]},"2":{"line":44,"type":"binary-expr","locations":[{"start":{"line":44,"column":23},"end":{"line":44,"column":37}},{"start":{"line":45,"column":20},"end":{"line":45,"column":61}},{"start":{"line":46,"column":20},"end":{"line":46,"column":70}},{"start":{"line":47,"column":20},"end":{"line":47,"column":26}}]},"3":{"line":51,"type":"cond-expr","locations":[{"start":{"line":52,"column":14},"end":{"line":52,"column":20}},{"start":{"line":53,"column":14},"end":{"line":53,"column":20}}]},"4":{"line":55,"type":"binary-expr","locations":[{"start":{"line":55,"column":16},"end":{"line":55,"column":44}},{"start":{"line":55,"column":49},"end":{"line":57,"column":43}}]},"5":{"line":55,"type":"cond-expr","locations":[{"start":{"line":56,"column":14},"end":{"line":56,"column":58}},{"start":{"line":57,"column":14},"end":{"line":57,"column":43}}]},"6":{"line":61,"type":"switch","locations":[{"start":{"line":68,"column":4},"end":{"line":150,"column":14},"skip":true},{"start":{"line":156,"column":4},"end":{"line":324,"column":14},"skip":true}]},"7":{"line":70,"type":"if","locations":[{"start":{"line":70,"column":12},"end":{"line":70,"column":12},"skip":true},{"start":{"line":70,"column":12},"end":{"line":70,"column":12},"skip":true}]},"8":{"line":70,"type":"binary-expr","locations":[{"start":{"line":70,"column":16},"end":{"line":70,"column":22},"skip":true},{"start":{"line":70,"column":27},"end":{"line":70,"column":32},"skip":true},{"start":{"line":71,"column":20},"end":{"line":71,"column":39},"skip":true},{"start":{"line":72,"column":20},"end":{"line":72,"column":49},"skip":true},{"start":{"line":73,"column":20},"end":{"line":73,"column":58},"skip":true},{"start":{"line":74,"column":20},"end":{"line":74,"column":69},"skip":true}]},"9":{"line":79,"type":"switch","locations":[{"start":{"line":80,"column":20},"end":{"line":80,"column":33},"skip":true},{"start":{"line":81,"column":20},"end":{"line":83,"column":30},"skip":true},{"start":{"line":84,"column":20},"end":{"line":85,"column":49},"skip":true}]},"10":{"line":89,"type":"switch","locations":[{"start":{"line":90,"column":12},"end":{"line":103,"column":22},"skip":true},{"start":{"line":105,"column":12},"end":{"line":106,"column":22},"skip":true}]},"11":{"line":89,"type":"binary-expr","locations":[{"start":{"line":89,"column":20},"end":{"line":89,"column":25},"skip":true},{"start":{"line":89,"column":29},"end":{"line":89,"column":48},"skip":true},{"start":{"line":89,"column":52},"end":{"line":89,"column":74},"skip":true}]},"12":{"line":92,"type":"if","locations":[{"start":{"line":92,"column":16},"end":{"line":92,"column":16},"skip":true},{"start":{"line":92,"column":16},"end":{"line":92,"column":16},"skip":true}]},"13":{"line":108,"type":"if","locations":[{"start":{"line":108,"column":12},"end":{"line":108,"column":12},"skip":true},{"start":{"line":108,"column":12},"end":{"line":108,"column":12},"skip":true}]},"14":{"line":108,"type":"binary-expr","locations":[{"start":{"line":108,"column":16},"end":{"line":108,"column":61},"skip":true},{"start":{"line":108,"column":66},"end":{"line":108,"column":72},"skip":true},{"start":{"line":108,"column":77},"end":{"line":108,"column":82},"skip":true},{"start":{"line":109,"column":20},"end":{"line":109,"column":39},"skip":true},{"start":{"line":110,"column":20},"end":{"line":110,"column":49},"skip":true},{"start":{"line":111,"column":20},"end":{"line":111,"column":58},"skip":true},{"start":{"line":112,"column":20},"end":{"line":112,"column":68},"skip":true}]},"15":{"line":129,"type":"if","locations":[{"start":{"line":129,"column":16},"end":{"line":129,"column":16},"skip":true},{"start":{"line":129,"column":16},"end":{"line":129,"column":16},"skip":true}]},"16":{"line":134,"type":"cond-expr","locations":[{"start":{"line":135,"column":26},"end":{"line":135,"column":29},"skip":true},{"start":{"line":136,"column":26},"end":{"line":136,"column":54},"skip":true}]},"17":{"line":164,"type":"binary-expr","locations":[{"start":{"line":164,"column":27},"end":{"line":164,"column":43},"skip":true},{"start":{"line":164,"column":47},"end":{"line":164,"column":49},"skip":true}]},"18":{"line":258,"type":"if","locations":[{"start":{"line":258,"column":8},"end":{"line":258,"column":8},"skip":true},{"start":{"line":258,"column":8},"end":{"line":258,"column":8},"skip":true}]},"19":{"line":275,"type":"switch","locations":[{"start":{"line":276,"column":20},"end":{"line":277,"column":64},"skip":true},{"start":{"line":278,"column":20},"end":{"line":279,"column":40},"skip":true},{"start":{"line":280,"column":20},"end":{"line":281,"column":40},"skip":true},{"start":{"line":282,"column":20},"end":{"line":283,"column":39},"skip":true}]},"20":{"line":288,"type":"if","locations":[{"start":{"line":288,"column":8},"end":{"line":288,"column":8},"skip":true},{"start":{"line":288,"column":8},"end":{"line":288,"column":8},"skip":true}]},"21":{"line":288,"type":"binary-expr","locations":[{"start":{"line":288,"column":12},"end":{"line":288,"column":40},"skip":true},{"start":{"line":288,"column":44},"end":{"line":288,"column":67},"skip":true}]},"22":{"line":292,"type":"binary-expr","locations":[{"start":{"line":292,"column":12},"end":{"line":292,"column":50},"skip":true},{"start":{"line":293,"column":12},"end":{"line":293,"column":53},"skip":true}]},"23":{"line":297,"type":"binary-expr","locations":[{"start":{"line":297,"column":12},"end":{"line":297,"column":72},"skip":true},{"start":{"line":298,"column":12},"end":{"line":301,"column":36},"skip":true}]},"24":{"line":303,"type":"binary-expr","locations":[{"start":{"line":303,"column":43},"end":{"line":303,"column":75},"skip":true},{"start":{"line":303,"column":79},"end":{"line":303,"column":81},"skip":true}]},"25":{"line":306,"type":"if","locations":[{"start":{"line":306,"column":8},"end":{"line":306,"column":8},"skip":true},{"start":{"line":306,"column":8},"end":{"line":306,"column":8},"skip":true}]},"26":{"line":310,"type":"if","locations":[{"start":{"line":310,"column":8},"end":{"line":310,"column":8},"skip":true},{"start":{"line":310,"column":8},"end":{"line":310,"column":8},"skip":true}]},"27":{"line":313,"type":"binary-expr","locations":[{"start":{"line":313,"column":27},"end":{"line":313,"column":43},"skip":true},{"start":{"line":313,"column":47},"end":{"line":313,"column":53},"skip":true}]},"28":{"line":317,"type":"if","locations":[{"start":{"line":317,"column":12},"end":{"line":317,"column":12},"skip":true},{"start":{"line":317,"column":12},"end":{"line":317,"column":12},"skip":true}]}},"code":["/*","example.js","","quickstart example","","instruction","    1. save this script as example.js","    2. run the shell command:","        $ npm install npmtest-node-inspector && PORT=8081 node example.js","    3. play with the browser-demo on http://127.0.0.1:8081","*/","","","","/* istanbul instrument in package npmtest_node_inspector */","/*jslint","    bitwise: true,","    browser: true,","    maxerr: 8,","    maxlen: 96,","    node: true,","    nomen: true,","    regexp: true,","    stupid: true","*/","(function () {","    'use strict';","    var local;","","","","    // run shared js-env code - pre-init","    (function () {","        // init local","        local = {};","        // init modeJs","        local.modeJs = (function () {","            try {","                return typeof navigator.userAgent === 'string' &&","                    typeof document.querySelector('body') === 'object' &&","                    typeof XMLHttpRequest.prototype.open === 'function' &&","                    'browser';","            } catch (errorCaughtBrowser) {","                return module.exports &&","                    typeof process.versions.node === 'string' &&","                    typeof require('http').createServer === 'function' &&","                    'node';","            }","        }());","        // init global","        local.global = local.modeJs === 'browser'","            ? window","            : global;","        // init utility2_rollup","        local = local.global.utility2_rollup || (local.modeJs === 'browser'","            ? local.global.utility2_npmtest_node_inspector","            : global.utility2_moduleExports);","        // export local","        local.global.local = local;","    }());","    switch (local.modeJs) {","","","","    // post-init","    // run browser js-env code - post-init","    /* istanbul ignore next */","    case 'browser':","        local.testRunBrowser = function (event) {","            if (!event || (event &&","                    event.currentTarget &&","                    event.currentTarget.className &&","                    event.currentTarget.className.includes &&","                    event.currentTarget.className.includes('onreset'))) {","                // reset output","                Array.from(","                    document.querySelectorAll('body > .resettable')","                ).forEach(function (element) {","                    switch (element.tagName) {","                    case 'INPUT':","                    case 'TEXTAREA':","                        element.value = '';","                        break;","                    default:","                        element.textContent = '';","                    }","                });","            }","            switch (event && event.currentTarget && event.currentTarget.id) {","            case 'testRunButton1':","                // show tests","                if (document.querySelector('#testReportDiv1').style.display === 'none') {","                    document.querySelector('#testReportDiv1').style.display = 'block';","                    document.querySelector('#testRunButton1').textContent =","                        'hide internal test';","                    local.modeTest = true;","                    local.testRunDefault(local);","                // hide tests","                } else {","                    document.querySelector('#testReportDiv1').style.display = 'none';","                    document.querySelector('#testRunButton1').textContent = 'run internal test';","                }","                break;","            // custom-case","            default:","                break;","            }","            if (document.querySelector('#inputTextareaEval1') && (!event || (event &&","                    event.currentTarget &&","                    event.currentTarget.className &&","                    event.currentTarget.className.includes &&","                    event.currentTarget.className.includes('oneval')))) {","                // try to eval input-code","                try {","                    /*jslint evil: true*/","                    eval(document.querySelector('#inputTextareaEval1').value);","                } catch (errorCaught) {","                    console.error(errorCaught);","                }","            }","        };","        // log stderr and stdout to #outputTextareaStdout1","        ['error', 'log'].forEach(function (key) {","            console[key + '_original'] = console[key];","            console[key] = function () {","                var element;","                console[key + '_original'].apply(console, arguments);","                element = document.querySelector('#outputTextareaStdout1');","                if (!element) {","                    return;","                }","                // append text to #outputTextareaStdout1","                element.value += Array.from(arguments).map(function (arg) {","                    return typeof arg === 'string'","                        ? arg","                        : JSON.stringify(arg, null, 4);","                }).join(' ') + '\\n';","                // scroll textarea to bottom","                element.scrollTop = element.scrollHeight;","            };","        });","        // init event-handling","        ['change', 'click', 'keyup'].forEach(function (event) {","            Array.from(document.querySelectorAll('.on' + event)).forEach(function (element) {","                element.addEventListener(event, local.testRunBrowser);","            });","        });","        // run tests","        local.testRunBrowser();","        break;","","","","    // run node js-env code - post-init","    /* istanbul ignore next */","    case 'node':","        // export local","        module.exports = local;","        // require modules","        local.fs = require('fs');","        local.http = require('http');","        local.url = require('url');","        // init assets","        local.assetsDict = local.assetsDict || {};","        /* jslint-ignore-begin */","        local.assetsDict['/assets.index.template.html'] = '\\","<!doctype html>\\n\\","<html lang=\"en\">\\n\\","<head>\\n\\","<meta charset=\"UTF-8\">\\n\\","<meta name=\"viewport\" content=\"width=device-width, initial-scale=1\">\\n\\","<title>{{env.npm_package_name}} (v{{env.npm_package_version}})</title>\\n\\","<style>\\n\\","/*csslint\\n\\","    box-sizing: false,\\n\\","    universal-selector: false\\n\\","*/\\n\\","* {\\n\\","    box-sizing: border-box;\\n\\","}\\n\\","body {\\n\\","    background: #dde;\\n\\","    font-family: Arial, Helvetica, sans-serif;\\n\\","    margin: 2rem;\\n\\","}\\n\\","body > * {\\n\\","    margin-bottom: 1rem;\\n\\","}\\n\\",".utility2FooterDiv {\\n\\","    margin-top: 20px;\\n\\","    text-align: center;\\n\\","}\\n\\","</style>\\n\\","<style>\\n\\","/*csslint\\n\\","*/\\n\\","textarea {\\n\\","    font-family: monospace;\\n\\","    height: 10rem;\\n\\","    width: 100%;\\n\\","}\\n\\","textarea[readonly] {\\n\\","    background: #ddd;\\n\\","}\\n\\","</style>\\n\\","</head>\\n\\","<body>\\n\\","<!-- utility2-comment\\n\\","<div id=\"ajaxProgressDiv1\" style=\"background: #d00; height: 2px; left: 0; margin: 0; padding: 0; position: fixed; top: 0; transition: background 0.5s, width 1.5s; width: 25%;\"></div>\\n\\","utility2-comment -->\\n\\","<h1>\\n\\","<!-- utility2-comment\\n\\","    <a\\n\\","        {{#if env.npm_package_homepage}}\\n\\","        href=\"{{env.npm_package_homepage}}\"\\n\\","        {{/if env.npm_package_homepage}}\\n\\","        target=\"_blank\"\\n\\","    >\\n\\","utility2-comment -->\\n\\","        {{env.npm_package_name}} (v{{env.npm_package_version}})\\n\\","<!-- utility2-comment\\n\\","    </a>\\n\\","utility2-comment -->\\n\\","</h1>\\n\\","<h3>{{env.npm_package_description}}</h3>\\n\\","<!-- utility2-comment\\n\\","<h4><a download href=\"assets.app.js\">download standalone app</a></h4>\\n\\","<button class=\"onclick onreset\" id=\"testRunButton1\">run internal test</button><br>\\n\\","<div id=\"testReportDiv1\" style=\"display: none;\"></div>\\n\\","utility2-comment -->\\n\\","\\n\\","\\n\\","\\n\\","<label>stderr and stdout</label>\\n\\","<textarea class=\"resettable\" id=\"outputTextareaStdout1\" readonly></textarea>\\n\\","<!-- utility2-comment\\n\\","{{#if isRollup}}\\n\\","<script src=\"assets.app.js\"></script>\\n\\","{{#unless isRollup}}\\n\\","utility2-comment -->\\n\\","<script src=\"assets.utility2.rollup.js\"></script>\\n\\","<script src=\"jsonp.utility2._stateInit?callback=window.utility2._stateInit\"></script>\\n\\","<script src=\"assets.npmtest_node_inspector.rollup.js\"></script>\\n\\","<script src=\"assets.example.js\"></script>\\n\\","<script src=\"assets.test.js\"></script>\\n\\","<!-- utility2-comment\\n\\","{{/if isRollup}}\\n\\","utility2-comment -->\\n\\","<div class=\"utility2FooterDiv\">\\n\\","    [ this app was created with\\n\\","    <a href=\"https://github.com/kaizhu256/node-utility2\" target=\"_blank\">utility2</a>\\n\\","    ]\\n\\","</div>\\n\\","</body>\\n\\","</html>\\n\\","';","        /* jslint-ignore-end */","        if (local.templateRender) {","            local.assetsDict['/'] = local.templateRender(","                local.assetsDict['/assets.index.template.html'],","                {","                    env: local.objectSetDefault(local.env, {","                        npm_package_description: 'the greatest app in the world!',","                        npm_package_name: 'my-app',","                        npm_package_nameAlias: 'my_app',","                        npm_package_version: '0.0.1'","                    })","                }","            );","        } else {","            local.assetsDict['/'] = local.assetsDict['/assets.index.template.html']","                .replace((/\\{\\{env\\.(\\w+?)\\}\\}/g), function (match0, match1) {","                    // jslint-hack","                    String(match0);","                    switch (match1) {","                    case 'npm_package_description':","                        return 'the greatest app in the world!';","                    case 'npm_package_name':","                        return 'my-app';","                    case 'npm_package_nameAlias':","                        return 'my_app';","                    case 'npm_package_version':","                        return '0.0.1';","                    }","                });","        }","        // run the cli","        if (local.global.utility2_rollup || module !== require.main) {","            break;","        }","        local.assetsDict['/assets.example.js'] =","            local.assetsDict['/assets.example.js'] ||","            local.fs.readFileSync(__filename, 'utf8');","        // bug-workaround - long $npm_package_buildCustomOrg","        /* jslint-ignore-begin */","        local.assetsDict['/assets.npmtest_node_inspector.rollup.js'] =","            local.assetsDict['/assets.npmtest_node_inspector.rollup.js'] ||","            local.fs.readFileSync(","                local.npmtest_node_inspector.__dirname + '/lib.npmtest_node_inspector.js',","                'utf8'","            ).replace((/^#!/), '//');","        /* jslint-ignore-end */","        local.assetsDict['/favicon.ico'] = local.assetsDict['/favicon.ico'] || '';","        // if $npm_config_timeout_exit exists,","        // then exit this process after $npm_config_timeout_exit ms","        if (Number(process.env.npm_config_timeout_exit)) {","            setTimeout(process.exit, Number(process.env.npm_config_timeout_exit));","        }","        // start server","        if (local.global.utility2_serverHttp1) {","            break;","        }","        process.env.PORT = process.env.PORT || '8081';","        console.error('server starting on port ' + process.env.PORT);","        local.http.createServer(function (request, response) {","            request.urlParsed = local.url.parse(request.url);","            if (local.assetsDict[request.urlParsed.pathname] !== undefined) {","                response.end(local.assetsDict[request.urlParsed.pathname]);","                return;","            }","            response.statusCode = 404;","            response.end();","        }).listen(process.env.PORT);","        break;","    }","}());",""],"l":{"26":2,"28":2,"33":2,"35":2,"37":2,"38":2,"39":2,"44":1,"51":2,"55":2,"59":2,"61":2,"69":1,"70":2,"76":2,"79":2,"82":2,"83":2,"85":1,"89":2,"92":1,"93":1,"94":1,"96":1,"97":1,"100":1,"101":1,"103":1,"106":1,"108":2,"114":1,"116":1,"118":1,"123":1,"124":2,"125":2,"126":3,"127":3,"128":3,"129":3,"130":1,"133":3,"134":3,"139":3,"143":1,"144":3,"145":1,"149":1,"150":1,"158":1,"160":1,"161":1,"162":1,"164":1,"166":1,"258":1,"259":1,"271":1,"274":6,"275":6,"277":1,"279":2,"281":1,"283":2,"288":1,"289":1,"291":1,"296":1,"303":1,"306":1,"307":1,"310":1,"311":1,"313":1,"314":1,"315":1,"316":1,"317":1,"318":1,"319":1,"321":1,"322":1,"324":1}},"/home/travis/build/npmtest/node-npmtest-node-inspector/node_modules/node-inspector/index.js":{"path":"/home/travis/build/npmtest/node-npmtest-node-inspector/node_modules/node-inspector/index.js","s":{"1":1,"2":1,"3":1,"4":1,"5":1,"6":0,"7":0,"8":0,"9":0,"10":0,"11":0,"12":0,"13":0,"14":0,"15":0,"16":1,"17":0,"18":0},"b":{"1":[0,0],"2":[0,0],"3":[0,0],"4":[0,0],"5":[0,0]},"f":{"1":0,"2":0},"fnMap":{"1":{"name":"buildInspectorUrl","line":15,"loc":{"start":{"line":15,"column":0},"end":{"line":15,"column":77}}},"2":{"name":"buildWebSocketUrl","line":45,"loc":{"start":{"line":45,"column":0},"end":{"line":45,"column":78}}}},"statementMap":{"1":{"start":{"line":2,"column":0},"end":{"line":2,"column":25}},"2":{"start":{"line":3,"column":0},"end":{"line":3,"column":27}},"3":{"start":{"line":5,"column":0},"end":{"line":5,"column":46}},"4":{"start":{"line":6,"column":0},"end":{"line":6,"column":46}},"5":{"start":{"line":15,"column":0},"end":{"line":36,"column":1}},"6":{"start":{"line":16,"column":2},"end":{"line":16,"column":70}},"7":{"start":{"line":17,"column":2},"end":{"line":17,"column":27}},"8":{"start":{"line":18,"column":2},"end":{"line":18,"column":44}},"9":{"start":{"line":20,"column":2},"end":{"line":20,"column":41}},"10":{"start":{"line":21,"column":2},"end":{"line":25,"column":3}},"11":{"start":{"line":22,"column":4},"end":{"line":22,"column":50}},"12":{"start":{"line":23,"column":4},"end":{"line":23,"column":16}},"13":{"start":{"line":24,"column":4},"end":{"line":24,"column":22}},"14":{"start":{"line":27,"column":2},"end":{"line":33,"column":4}},"15":{"start":{"line":35,"column":2},"end":{"line":35,"column":27}},"16":{"start":{"line":45,"column":0},"end":{"line":56,"column":1}},"17":{"start":{"line":46,"column":2},"end":{"line":53,"column":4}},"18":{"start":{"line":55,"column":2},"end":{"line":55,"column":27}}},"branchMap":{"1":{"line":16,"type":"cond-expr","locations":[{"start":{"line":16,"column":42},"end":{"line":16,"column":53}},{"start":{"line":16,"column":56},"end":{"line":16,"column":69}}]},"2":{"line":18,"type":"cond-expr","locations":[{"start":{"line":18,"column":27},"end":{"line":18,"column":34}},{"start":{"line":18,"column":37},"end":{"line":18,"column":43}}]},"3":{"line":21,"type":"if","locations":[{"start":{"line":21,"column":2},"end":{"line":21,"column":2}},{"start":{"line":21,"column":2},"end":{"line":21,"column":2}}]},"4":{"line":47,"type":"cond-expr","locations":[{"start":{"line":47,"column":25},"end":{"line":47,"column":31}},{"start":{"line":47,"column":34},"end":{"line":47,"column":39}}]},"5":{"line":48,"type":"cond-expr","locations":[{"start":{"line":48,"column":43},"end":{"line":48,"column":54}},{"start":{"line":48,"column":57},"end":{"line":48,"column":70}}]}},"code":["// Public API for node-inspector embedders","var url = require('url');","var path = require('path');","","exports.buildInspectorUrl = buildInspectorUrl;","exports.buildWebSocketUrl = buildWebSocketUrl;","","/**"," * Build a URL for loading inspector UI in the browser."," * @param {string|undefined} inspectorHost as configured via --web-host"," * @param {number} inspectorPort as configured via --web-port"," * @param {number} debugPort as configured via --debug in the debugged app"," * @param {number} isHttps as configured via --ssl-cert and --ssl-key in the debugged app"," */","function buildInspectorUrl(inspectorHost, inspectorPort, debugPort, isHttps) {","  var host = inspectorHost == '0.0.0.0' ? '127.0.0.1' : inspectorHost;","  var port = inspectorPort;","  var protocol = isHttps ? 'https' : 'http';","","  var isUnixSocket = !/^\\d+$/.test(port);","  if (isUnixSocket) {","    host = path.resolve(__dirname, inspectorPort);","    port = null;","    protocol = 'unix';","  }","","  var parts = {","    protocol: protocol,","    hostname: host,","    port: port,","    pathname: '/',","    search: '?port=' + debugPort","  };","","  return url.format(parts);","}","","/**"," * Build a URL for the WebSocket endpoint."," * @param {string|undefined} inspectorHost as configured via --web-host"," * @param {number} inspectorPort as configured via --web-port"," * @param {number} debugPort as configured via --debug in the debugged app"," * @param {number} isHttps as configured via --ssl-cert and --ssl-key in the debugged app"," */","function buildWebSocketUrl(inspectorHost, inspectorPort, debugPort, isSecure) {","  var parts = {","    protocol: isSecure ? 'wss:' : 'ws:',","    hostname: inspectorHost == '0.0.0.0' ? '127.0.0.1' : inspectorHost,","    port: inspectorPort,","    pathname: '/',","    search: '?port=' + debugPort,","    slashes: true","  };","","  return url.format(parts);","}",""],"l":{"2":1,"3":1,"5":1,"6":1,"15":1,"16":0,"17":0,"18":0,"20":0,"21":0,"22":0,"23":0,"24":0,"27":0,"35":0,"45":1,"46":0,"55":0}},"/home/travis/build/npmtest/node-npmtest-node-inspector/node_modules/node-inspector/front-end/Runtime.js":{"path":"/home/travis/build/npmtest/node-npmtest-node-inspector/node_modules/node-inspector/front-end/Runtime.js","s":{"1":2,"2":2,"3":2,"4":1,"5":0,"6":1,"7":0,"8":0,"9":0,"10":1,"11":0,"12":0,"13":0,"14":0,"15":0,"16":0,"17":1,"18":0,"19":0,"20":0,"21":0,"22":0,"23":0,"24":0,"25":0,"26":0,"27":0,"28":0,"29":0,"30":0,"31":0,"32":0,"33":0,"34":0,"35":0,"36":0,"37":0,"38":1,"39":0,"40":0,"41":0,"42":0,"43":0,"44":0,"45":0,"46":0,"47":0,"48":0,"49":0,"50":0,"51":0,"52":0,"53":1,"54":0,"55":0,"56":0,"57":0,"58":1,"59":0,"60":0,"61":0,"62":0,"63":0,"64":2,"65":2,"66":0,"67":1,"68":0,"69":0,"70":0,"71":0,"72":0,"73":0,"74":0,"75":0,"76":0,"77":0,"78":0,"79":0,"80":0,"81":0,"82":0,"83":0,"84":0,"85":0,"86":0,"87":0,"88":0,"89":0,"90":0,"91":0,"92":1,"93":0,"94":0,"95":0,"96":0,"97":0,"98":0,"99":0,"100":0,"101":0,"102":0,"103":0,"104":0,"105":0,"106":0,"107":1,"108":0,"109":0,"110":0,"111":0,"112":0,"113":0,"114":0,"115":0,"116":0,"117":0,"118":0,"119":0,"120":0,"121":0,"122":0,"123":0,"124":0,"125":0,"126":0,"127":0,"128":0,"129":0,"130":0,"131":0,"132":1,"133":0,"134":0,"135":0,"136":0,"137":0,"138":1,"139":0,"140":0,"141":0,"142":0,"143":0,"144":0,"145":0,"146":0,"147":0,"148":0,"149":0,"150":0,"151":0,"152":0,"153":0,"154":0,"155":0,"156":0,"157":0,"158":0,"159":0,"160":0,"161":0,"162":0,"163":0,"164":0,"165":0,"166":0,"167":0,"168":0,"169":0,"170":0,"171":0,"172":0,"173":0,"174":0,"175":0,"176":1,"177":0,"178":0,"179":0,"180":0,"181":1,"182":0,"183":0,"184":1,"185":0,"186":0,"187":0,"188":0,"189":0,"190":0,"191":0,"192":0,"193":0,"194":1,"195":0,"196":0,"197":0,"198":0,"199":0,"200":0,"201":0,"202":0,"203":0,"204":0,"205":0,"206":0,"207":0,"208":0,"209":0,"210":0,"211":0,"212":0,"213":0,"214":0,"215":0,"216":0,"217":0,"218":0,"219":0,"220":0,"221":0,"222":0,"223":0,"224":0,"225":0,"226":0,"227":0,"228":0,"229":0,"230":0,"231":0,"232":0,"233":0,"234":0,"235":0,"236":0,"237":0,"238":0,"239":0,"240":0,"241":0,"242":0,"243":0,"244":0,"245":0,"246":1,"247":0,"248":0,"249":0,"250":0,"251":0,"252":0,"253":0,"254":0,"255":0,"256":0,"257":1,"258":0,"259":0,"260":0,"261":0,"262":0,"263":0,"264":0,"265":0,"266":0,"267":0,"268":0,"269":0,"270":0,"271":0,"272":0,"273":0,"274":0,"275":0,"276":0,"277":0,"278":0,"279":0,"280":0,"281":0,"282":0,"283":0,"284":0,"285":0,"286":0,"287":0,"288":0,"289":0,"290":0,"291":0,"292":0,"293":0,"294":0,"295":0,"296":0,"297":0,"298":0,"299":0,"300":1,"301":0,"302":0,"303":0,"304":0,"305":0,"306":0,"307":0,"308":0,"309":0,"310":0,"311":0,"312":0,"313":0,"314":0,"315":0,"316":0,"317":0,"318":0,"319":0,"320":0,"321":0,"322":0,"323":0,"324":0,"325":0,"326":0,"327":0,"328":0,"329":0,"330":0,"331":0,"332":0,"333":0,"334":0,"335":0,"336":0,"337":0,"338":0,"339":0,"340":0,"341":0,"342":0,"343":0,"344":0,"345":0,"346":0,"347":0,"348":0,"349":0,"350":0,"351":0,"352":0,"353":0,"354":0,"355":0,"356":0,"357":0,"358":0,"359":0,"360":0,"361":0,"362":0,"363":0,"364":0,"365":0,"366":0,"367":0,"368":0,"369":0,"370":0},"b":{"1":[0,0],"2":[0,0],"3":[0,0],"4":[0,0],"5":[0,0],"6":[0,0],"7":[0,0],"8":[0,0],"9":[0,0],"10":[0,0],"11":[0,0],"12":[0,0,0],"13":[0,0],"14":[0,0],"15":[0,0],"16":[0,0],"17":[0,0],"18":[0,0],"19":[0,0],"20":[0,0],"21":[0,0],"22":[0,0],"23":[0,0],"24":[0,0],"25":[0,0],"26":[0,0],"27":[0,0],"28":[0,0],"29":[0,0],"30":[0,0],"31":[0,0],"32":[0,0],"33":[0,0],"34":[0,0],"35":[0,0],"36":[0,0],"37":[0,0],"38":[0,0],"39":[0,0],"40":[0,0],"41":[0,0],"42":[0,0],"43":[0,0],"44":[0,0],"45":[0,0],"46":[0,0],"47":[0,0],"48":[0,0],"49":[0,0],"50":[0,0],"51":[0,0],"52":[0,0],"53":[0,0],"54":[0,0],"55":[0,0],"56":[0,0],"57":[0,0],"58":[0,0],"59":[0,0],"60":[0,0],"61":[0,0],"62":[0,0],"63":[0,0],"64":[0,0],"65":[0,0],"66":[0,0],"67":[0,0],"68":[0,0],"69":[0,0],"70":[0,0],"71":[0,0],"72":[0,0],"73":[0,0],"74":[0,0],"75":[0,0],"76":[0,0],"77":[0,0],"78":[0,0]},"f":{"1":0,"2":0,"3":0,"4":0,"5":0,"6":0,"7":0,"8":2,"9":0,"10":0,"11":0,"12":0,"13":0,"14":0,"15":0,"16":0,"17":0,"18":0,"19":0,"20":0,"21":0,"22":0,"23":0,"24":0,"25":0,"26":0,"27":0,"28":0,"29":0,"30":0,"31":0,"32":0,"33":0,"34":0,"35":0,"36":0,"37":0,"38":0,"39":0,"40":0,"41":0,"42":0,"43":0,"44":0,"45":0,"46":0,"47":0,"48":0,"49":0,"50":0,"51":0,"52":0,"53":0,"54":0,"55":0,"56":0,"57":0,"58":0,"59":0,"60":0,"61":0,"62":0,"63":0,"64":0,"65":0,"66":0,"67":0,"68":0,"69":0},"fnMap":{"1":{"name":"loadResourcePromise","line":40,"loc":{"start":{"line":40,"column":0},"end":{"line":41,"column":0}}},"2":{"name":"load","line":48,"loc":{"start":{"line":48,"column":4},"end":{"line":49,"column":4}}},"3":{"name":"onreadystatechange","line":57,"loc":{"start":{"line":57,"column":8},"end":{"line":58,"column":8}}},"4":{"name":"normalizePath","line":76,"loc":{"start":{"line":76,"column":0},"end":{"line":77,"column":0}}},"5":{"name":"loadScriptsPromise","line":107,"loc":{"start":{"line":107,"column":0},"end":{"line":108,"column":0}}},"6":{"name":"scriptSourceLoaded","line":131,"loc":{"start":{"line":131,"column":4},"end":{"line":132,"column":4}}},"7":{"name":"evaluateScript","line":145,"loc":{"start":{"line":145,"column":4},"end":{"line":146,"column":4}}},"8":{"name":"(anonymous_8)","line":157,"loc":{"start":{"line":157,"column":1},"end":{"line":157,"column":12}}},"9":{"name":"Runtime","line":167,"loc":{"start":{"line":167,"column":0},"end":{"line":168,"column":0}}},"10":{"name":"(anonymous_10)","line":211,"loc":{"start":{"line":211,"column":24},"end":{"line":212,"column":0}}},"11":{"name":"(anonymous_11)","line":219,"loc":{"start":{"line":219,"column":27},"end":{"line":220,"column":0}}},"12":{"name":"parseModuleDescriptors","line":240,"loc":{"start":{"line":240,"column":4},"end":{"line":241,"column":4}}},"13":{"name":"instantiateRuntime","line":262,"loc":{"start":{"line":262,"column":8},"end":{"line":263,"column":8}}},"14":{"name":"(anonymous_14)","line":275,"loc":{"start":{"line":275,"column":21},"end":{"line":276,"column":0}}},"15":{"name":"(anonymous_15)","line":284,"loc":{"start":{"line":284,"column":31},"end":{"line":285,"column":0}}},"16":{"name":"(anonymous_16)","line":298,"loc":{"start":{"line":298,"column":30},"end":{"line":299,"column":0}}},"17":{"name":"(anonymous_17)","line":313,"loc":{"start":{"line":313,"column":16},"end":{"line":314,"column":0}}},"18":{"name":"filterOutFailuresResults","line":330,"loc":{"start":{"line":330,"column":4},"end":{"line":331,"column":4}}},"19":{"name":"handler","line":345,"loc":{"start":{"line":345,"column":4},"end":{"line":346,"column":4}}},"20":{"name":"(anonymous_20)","line":354,"loc":{"start":{"line":354,"column":18},"end":{"line":355,"column":0}}},"21":{"name":"(anonymous_21)","line":364,"loc":{"start":{"line":364,"column":23},"end":{"line":365,"column":0}}},"22":{"name":"(anonymous_22)","line":377,"loc":{"start":{"line":377,"column":21},"end":{"line":378,"column":4}}},"23":{"name":"(anonymous_23)","line":388,"loc":{"start":{"line":388,"column":23},"end":{"line":389,"column":4}}},"24":{"name":"(anonymous_24)","line":397,"loc":{"start":{"line":397,"column":27},"end":{"line":398,"column":4}}},"25":{"name":"(anonymous_25)","line":414,"loc":{"start":{"line":414,"column":34},"end":{"line":415,"column":4}}},"26":{"name":"(anonymous_26)","line":435,"loc":{"start":{"line":435,"column":36},"end":{"line":436,"column":4}}},"27":{"name":"isInstanceOf","line":445,"loc":{"start":{"line":445,"column":8},"end":{"line":446,"column":8}}},"28":{"name":"(anonymous_28)","line":456,"loc":{"start":{"line":456,"column":41},"end":{"line":457,"column":4}}},"29":{"name":"isContextTypeKnown","line":467,"loc":{"start":{"line":467,"column":8},"end":{"line":468,"column":8}}},"30":{"name":"(anonymous_30)","line":478,"loc":{"start":{"line":478,"column":16},"end":{"line":479,"column":4}}},"31":{"name":"filter","line":486,"loc":{"start":{"line":486,"column":8},"end":{"line":487,"column":8}}},"32":{"name":"orderComparator","line":504,"loc":{"start":{"line":504,"column":8},"end":{"line":505,"column":8}}},"33":{"name":"(anonymous_33)","line":517,"loc":{"start":{"line":517,"column":15},"end":{"line":518,"column":4}}},"34":{"name":"(anonymous_34)","line":527,"loc":{"start":{"line":527,"column":22},"end":{"line":528,"column":4}}},"35":{"name":"(anonymous_35)","line":541,"loc":{"start":{"line":541,"column":21},"end":{"line":542,"column":4}}},"36":{"name":"(anonymous_36)","line":552,"loc":{"start":{"line":552,"column":14},"end":{"line":553,"column":4}}},"37":{"name":"(anonymous_37)","line":569,"loc":{"start":{"line":569,"column":27},"end":{"line":570,"column":0}}},"38":{"name":"(anonymous_38)","line":595,"loc":{"start":{"line":595,"column":30},"end":{"line":596,"column":0}}},"39":{"name":"(anonymous_39)","line":618,"loc":{"start":{"line":618,"column":17},"end":{"line":619,"column":0}}},"40":{"name":"(anonymous_40)","line":635,"loc":{"start":{"line":635,"column":10},"end":{"line":636,"column":4}}},"41":{"name":"(anonymous_41)","line":643,"loc":{"start":{"line":643,"column":18},"end":{"line":644,"column":4}}},"42":{"name":"markAsLoaded","line":666,"loc":{"start":{"line":666,"column":8},"end":{"line":667,"column":8}}},"43":{"name":"(anonymous_43)","line":677,"loc":{"start":{"line":677,"column":22},"end":{"line":678,"column":4}}},"44":{"name":"cacheStylesheet","line":693,"loc":{"start":{"line":693,"column":8},"end":{"line":694,"column":8}}},"45":{"name":"(anonymous_45)","line":710,"loc":{"start":{"line":710,"column":18},"end":{"line":711,"column":4}}},"46":{"name":"(anonymous_46)","line":724,"loc":{"start":{"line":724,"column":20},"end":{"line":725,"column":4}}},"47":{"name":"(anonymous_47)","line":733,"loc":{"start":{"line":733,"column":15},"end":{"line":734,"column":4}}},"48":{"name":"(anonymous_48)","line":755,"loc":{"start":{"line":755,"column":20},"end":{"line":756,"column":0}}},"49":{"name":"(anonymous_49)","line":773,"loc":{"start":{"line":773,"column":16},"end":{"line":774,"column":4}}},"50":{"name":"(anonymous_50)","line":781,"loc":{"start":{"line":781,"column":12},"end":{"line":782,"column":4}}},"51":{"name":"(anonymous_51)","line":789,"loc":{"start":{"line":789,"column":16},"end":{"line":790,"column":4}}},"52":{"name":"(anonymous_52)","line":800,"loc":{"start":{"line":800,"column":18},"end":{"line":801,"column":4}}},"53":{"name":"(anonymous_53)","line":808,"loc":{"start":{"line":808,"column":21},"end":{"line":809,"column":4}}},"54":{"name":"constructInstance","line":822,"loc":{"start":{"line":822,"column":8},"end":{"line":823,"column":8}}},"55":{"name":"(anonymous_55)","line":835,"loc":{"start":{"line":835,"column":29},"end":{"line":836,"column":0}}},"56":{"name":"(anonymous_56)","line":847,"loc":{"start":{"line":847,"column":32},"end":{"line":848,"column":4}}},"57":{"name":"(anonymous_57)","line":861,"loc":{"start":{"line":861,"column":20},"end":{"line":862,"column":4}}},"58":{"name":"(anonymous_58)","line":869,"loc":{"start":{"line":869,"column":28},"end":{"line":870,"column":4}}},"59":{"name":"(anonymous_59)","line":881,"loc":{"start":{"line":881,"column":14},"end":{"line":882,"column":4}}},"60":{"name":"(anonymous_60)","line":892,"loc":{"start":{"line":892,"column":15},"end":{"line":893,"column":4}}},"61":{"name":"(anonymous_61)","line":908,"loc":{"start":{"line":908,"column":16},"end":{"line":909,"column":4}}},"62":{"name":"(anonymous_62)","line":919,"loc":{"start":{"line":919,"column":27},"end":{"line":920,"column":4}}},"63":{"name":"(anonymous_63)","line":930,"loc":{"start":{"line":930,"column":19},"end":{"line":931,"column":4}}},"64":{"name":"(anonymous_64)","line":936,"loc":{"start":{"line":936,"column":29},"end":{"line":937,"column":4}}},"65":{"name":"(anonymous_65)","line":951,"loc":{"start":{"line":951,"column":22},"end":{"line":952,"column":4}}},"66":{"name":"(anonymous_66)","line":964,"loc":{"start":{"line":964,"column":21},"end":{"line":965,"column":0}}},"67":{"name":"(anonymous_67)","line":976,"loc":{"start":{"line":976,"column":15},"end":{"line":977,"column":4}}},"68":{"name":"(anonymous_68)","line":984,"loc":{"start":{"line":984,"column":16},"end":{"line":985,"column":4}}},"69":{"name":"parseQueryParameters","line":990,"loc":{"start":{"line":990,"column":2},"end":{"line":991,"column":0}}}},"statementMap":{"1":{"start":{"line":32,"column":0},"end":{"line":32,"column":24}},"2":{"start":{"line":33,"column":0},"end":{"line":33,"column":26}},"3":{"start":{"line":34,"column":0},"end":{"line":34,"column":24}},"4":{"start":{"line":40,"column":0},"end":{"line":69,"column":1}},"5":{"start":{"line":42,"column":4},"end":{"line":42,"column":29}},"6":{"start":{"line":48,"column":4},"end":{"line":68,"column":5}},"7":{"start":{"line":50,"column":8},"end":{"line":50,"column":39}},"8":{"start":{"line":51,"column":8},"end":{"line":51,"column":35}},"9":{"start":{"line":52,"column":8},"end":{"line":52,"column":52}},"10":{"start":{"line":57,"column":8},"end":{"line":66,"column":9}},"11":{"start":{"line":59,"column":12},"end":{"line":60,"column":23}},"12":{"start":{"line":60,"column":16},"end":{"line":60,"column":23}},"13":{"start":{"line":62,"column":12},"end":{"line":65,"column":43}},"14":{"start":{"line":63,"column":16},"end":{"line":63,"column":120}},"15":{"start":{"line":65,"column":16},"end":{"line":65,"column":43}},"16":{"start":{"line":67,"column":8},"end":{"line":67,"column":23}},"17":{"start":{"line":76,"column":0},"end":{"line":101,"column":1}},"18":{"start":{"line":78,"column":4},"end":{"line":79,"column":20}},"19":{"start":{"line":79,"column":8},"end":{"line":79,"column":20}},"20":{"start":{"line":81,"column":4},"end":{"line":81,"column":32}},"21":{"start":{"line":82,"column":4},"end":{"line":82,"column":35}},"22":{"start":{"line":83,"column":4},"end":{"line":91,"column":5}},"23":{"start":{"line":84,"column":8},"end":{"line":84,"column":34}},"24":{"start":{"line":85,"column":8},"end":{"line":90,"column":45}},"25":{"start":{"line":86,"column":12},"end":{"line":86,"column":21}},"26":{"start":{"line":87,"column":13},"end":{"line":90,"column":45}},"27":{"start":{"line":88,"column":12},"end":{"line":88,"column":37}},"28":{"start":{"line":89,"column":13},"end":{"line":90,"column":45}},"29":{"start":{"line":90,"column":12},"end":{"line":90,"column":45}},"30":{"start":{"line":92,"column":4},"end":{"line":92,"column":54}},"31":{"start":{"line":93,"column":4},"end":{"line":94,"column":30}},"32":{"start":{"line":94,"column":8},"end":{"line":94,"column":30}},"33":{"start":{"line":95,"column":4},"end":{"line":96,"column":46}},"34":{"start":{"line":96,"column":8},"end":{"line":96,"column":46}},"35":{"start":{"line":97,"column":4},"end":{"line":98,"column":46}},"36":{"start":{"line":98,"column":8},"end":{"line":98,"column":46}},"37":{"start":{"line":100,"column":4},"end":{"line":100,"column":26}},"38":{"start":{"line":107,"column":0},"end":{"line":155,"column":1}},"39":{"start":{"line":110,"column":4},"end":{"line":110,"column":22}},"40":{"start":{"line":112,"column":4},"end":{"line":112,"column":18}},"41":{"start":{"line":113,"column":4},"end":{"line":113,"column":48}},"42":{"start":{"line":114,"column":4},"end":{"line":114,"column":25}},"43":{"start":{"line":115,"column":4},"end":{"line":124,"column":5}},"44":{"start":{"line":116,"column":8},"end":{"line":116,"column":40}},"45":{"start":{"line":117,"column":8},"end":{"line":117,"column":66}},"46":{"start":{"line":118,"column":8},"end":{"line":118,"column":55}},"47":{"start":{"line":119,"column":8},"end":{"line":119,"column":106}},"48":{"start":{"line":120,"column":8},"end":{"line":121,"column":21}},"49":{"start":{"line":121,"column":12},"end":{"line":121,"column":21}},"50":{"start":{"line":122,"column":8},"end":{"line":122,"column":29}},"51":{"start":{"line":123,"column":8},"end":{"line":123,"column":138}},"52":{"start":{"line":125,"column":4},"end":{"line":125,"column":49}},"53":{"start":{"line":131,"column":4},"end":{"line":139,"column":5}},"54":{"start":{"line":133,"column":8},"end":{"line":133,"column":51}},"55":{"start":{"line":135,"column":8},"end":{"line":138,"column":9}},"56":{"start":{"line":136,"column":12},"end":{"line":136,"column":70}},"57":{"start":{"line":137,"column":12},"end":{"line":137,"column":27}},"58":{"start":{"line":145,"column":4},"end":{"line":154,"column":5}},"59":{"start":{"line":147,"column":8},"end":{"line":147,"column":41}},"60":{"start":{"line":148,"column":8},"end":{"line":152,"column":9}},"61":{"start":{"line":150,"column":12},"end":{"line":150,"column":83}},"62":{"start":{"line":151,"column":12},"end":{"line":151,"column":19}},"63":{"start":{"line":153,"column":8},"end":{"line":153,"column":65}},"64":{"start":{"line":157,"column":0},"end":{"line":160,"column":5}},"65":{"start":{"line":158,"column":4},"end":{"line":158,"column":85}},"66":{"start":{"line":159,"column":4},"end":{"line":159,"column":86}},"67":{"start":{"line":167,"column":0},"end":{"line":196,"column":1}},"68":{"start":{"line":172,"column":4},"end":{"line":172,"column":23}},"69":{"start":{"line":176,"column":4},"end":{"line":176,"column":26}},"70":{"start":{"line":180,"column":4},"end":{"line":180,"column":26}},"71":{"start":{"line":185,"column":4},"end":{"line":185,"column":33}},"72":{"start":{"line":190,"column":4},"end":{"line":190,"column":30}},"73":{"start":{"line":192,"column":4},"end":{"line":193,"column":45}},"74":{"start":{"line":193,"column":8},"end":{"line":193,"column":45}},"75":{"start":{"line":194,"column":4},"end":{"line":195,"column":80}},"76":{"start":{"line":195,"column":8},"end":{"line":195,"column":80}},"77":{"start":{"line":201,"column":0},"end":{"line":201,"column":49}},"78":{"start":{"line":206,"column":0},"end":{"line":206,"column":46}},"79":{"start":{"line":211,"column":0},"end":{"line":214,"column":1}},"80":{"start":{"line":213,"column":4},"end":{"line":213,"column":35}},"81":{"start":{"line":219,"column":0},"end":{"line":269,"column":1}},"82":{"start":{"line":221,"column":4},"end":{"line":221,"column":50}},"83":{"start":{"line":223,"column":4},"end":{"line":223,"column":34}},"84":{"start":{"line":224,"column":4},"end":{"line":227,"column":5}},"85":{"start":{"line":225,"column":8},"end":{"line":225,"column":34}},"86":{"start":{"line":226,"column":8},"end":{"line":226,"column":44}},"87":{"start":{"line":229,"column":4},"end":{"line":229,"column":27}},"88":{"start":{"line":230,"column":4},"end":{"line":233,"column":96}},"89":{"start":{"line":231,"column":8},"end":{"line":231,"column":68}},"90":{"start":{"line":233,"column":8},"end":{"line":233,"column":96}},"91":{"start":{"line":235,"column":4},"end":{"line":235,"column":52}},"92":{"start":{"line":240,"column":4},"end":{"line":268,"column":5}},"93":{"start":{"line":242,"column":8},"end":{"line":242,"column":36}},"94":{"start":{"line":243,"column":8},"end":{"line":243,"column":33}},"95":{"start":{"line":244,"column":8},"end":{"line":256,"column":9}},"96":{"start":{"line":245,"column":12},"end":{"line":245,"column":46}},"97":{"start":{"line":246,"column":12},"end":{"line":247,"column":25}},"98":{"start":{"line":247,"column":16},"end":{"line":247,"column":25}},"99":{"start":{"line":248,"column":12},"end":{"line":248,"column":42}},"100":{"start":{"line":249,"column":12},"end":{"line":249,"column":56}},"101":{"start":{"line":250,"column":12},"end":{"line":253,"column":112}},"102":{"start":{"line":251,"column":16},"end":{"line":251,"column":69}},"103":{"start":{"line":253,"column":16},"end":{"line":253,"column":112}},"104":{"start":{"line":254,"column":12},"end":{"line":255,"column":43}},"105":{"start":{"line":255,"column":16},"end":{"line":255,"column":43}},"106":{"start":{"line":258,"column":8},"end":{"line":258,"column":93}},"107":{"start":{"line":262,"column":8},"end":{"line":267,"column":9}},"108":{"start":{"line":264,"column":12},"end":{"line":265,"column":72}},"109":{"start":{"line":265,"column":16},"end":{"line":265,"column":72}},"110":{"start":{"line":266,"column":12},"end":{"line":266,"column":75}},"111":{"start":{"line":275,"column":0},"end":{"line":278,"column":1}},"112":{"start":{"line":277,"column":4},"end":{"line":277,"column":52}},"113":{"start":{"line":284,"column":0},"end":{"line":293,"column":1}},"114":{"start":{"line":286,"column":4},"end":{"line":286,"column":20}},"115":{"start":{"line":287,"column":4},"end":{"line":291,"column":5}},"116":{"start":{"line":288,"column":8},"end":{"line":289,"column":21}},"117":{"start":{"line":289,"column":12},"end":{"line":289,"column":21}},"118":{"start":{"line":290,"column":8},"end":{"line":290,"column":65}},"119":{"start":{"line":292,"column":4},"end":{"line":292,"column":55}},"120":{"start":{"line":298,"column":0},"end":{"line":306,"column":1}},"121":{"start":{"line":300,"column":4},"end":{"line":305,"column":5}},"122":{"start":{"line":301,"column":8},"end":{"line":301,"column":148}},"123":{"start":{"line":303,"column":8},"end":{"line":303,"column":69}},"124":{"start":{"line":304,"column":8},"end":{"line":304,"column":18}},"125":{"start":{"line":313,"column":0},"end":{"line":350,"column":1}},"126":{"start":{"line":315,"column":4},"end":{"line":315,"column":17}},"127":{"start":{"line":316,"column":4},"end":{"line":316,"column":25}},"128":{"start":{"line":317,"column":4},"end":{"line":321,"column":5}},"129":{"start":{"line":319,"column":8},"end":{"line":319,"column":87}},"130":{"start":{"line":320,"column":8},"end":{"line":320,"column":53}},"131":{"start":{"line":323,"column":4},"end":{"line":323,"column":59}},"132":{"start":{"line":330,"column":4},"end":{"line":338,"column":5}},"133":{"start":{"line":332,"column":8},"end":{"line":332,"column":26}},"134":{"start":{"line":333,"column":8},"end":{"line":336,"column":9}},"135":{"start":{"line":334,"column":12},"end":{"line":335,"column":42}},"136":{"start":{"line":335,"column":16},"end":{"line":335,"column":42}},"137":{"start":{"line":337,"column":8},"end":{"line":337,"column":24}},"138":{"start":{"line":345,"column":4},"end":{"line":349,"column":5}},"139":{"start":{"line":347,"column":8},"end":{"line":347,"column":34}},"140":{"start":{"line":348,"column":8},"end":{"line":348,"column":31}},"141":{"start":{"line":352,"column":0},"end":{"line":352,"column":27}},"142":{"start":{"line":353,"column":0},"end":{"line":353,"column":41}},"143":{"start":{"line":354,"column":0},"end":{"line":359,"column":1}},"144":{"start":{"line":356,"column":4},"end":{"line":357,"column":15}},"145":{"start":{"line":357,"column":8},"end":{"line":357,"column":15}},"146":{"start":{"line":358,"column":4},"end":{"line":358,"column":67}},"147":{"start":{"line":364,"column":0},"end":{"line":370,"column":1}},"148":{"start":{"line":366,"column":4},"end":{"line":369,"column":25}},"149":{"start":{"line":367,"column":8},"end":{"line":367,"column":31}},"150":{"start":{"line":369,"column":8},"end":{"line":369,"column":25}},"151":{"start":{"line":372,"column":0},"end":{"line":564,"column":1}},"152":{"start":{"line":379,"column":8},"end":{"line":379,"column":58}},"153":{"start":{"line":380,"column":8},"end":{"line":380,"column":35}},"154":{"start":{"line":381,"column":8},"end":{"line":381,"column":54}},"155":{"start":{"line":390,"column":8},"end":{"line":390,"column":59}},"156":{"start":{"line":399,"column":8},"end":{"line":399,"column":26}},"157":{"start":{"line":400,"column":8},"end":{"line":405,"column":9}},"158":{"start":{"line":401,"column":12},"end":{"line":404,"column":70}},"159":{"start":{"line":402,"column":16},"end":{"line":402,"column":64}},"160":{"start":{"line":404,"column":16},"end":{"line":404,"column":70}},"161":{"start":{"line":406,"column":8},"end":{"line":406,"column":37}},"162":{"start":{"line":416,"column":8},"end":{"line":417,"column":25}},"163":{"start":{"line":417,"column":12},"end":{"line":417,"column":25}},"164":{"start":{"line":418,"column":8},"end":{"line":418,"column":106}},"165":{"start":{"line":419,"column":8},"end":{"line":420,"column":24}},"166":{"start":{"line":420,"column":12},"end":{"line":420,"column":24}},"167":{"start":{"line":421,"column":8},"end":{"line":426,"column":9}},"168":{"start":{"line":422,"column":12},"end":{"line":422,"column":61}},"169":{"start":{"line":423,"column":12},"end":{"line":423,"column":69}},"170":{"start":{"line":424,"column":12},"end":{"line":425,"column":28}},"171":{"start":{"line":425,"column":16},"end":{"line":425,"column":28}},"172":{"start":{"line":427,"column":8},"end":{"line":427,"column":21}},"173":{"start":{"line":437,"column":8},"end":{"line":438,"column":24}},"174":{"start":{"line":438,"column":12},"end":{"line":438,"column":24}},"175":{"start":{"line":439,"column":8},"end":{"line":439,"column":74}},"176":{"start":{"line":445,"column":8},"end":{"line":448,"column":9}},"177":{"start":{"line":447,"column":12},"end":{"line":447,"column":49}},"178":{"start":{"line":458,"column":8},"end":{"line":459,"column":24}},"179":{"start":{"line":459,"column":12},"end":{"line":459,"column":24}},"180":{"start":{"line":461,"column":8},"end":{"line":461,"column":109}},"181":{"start":{"line":467,"column":8},"end":{"line":470,"column":9}},"182":{"start":{"line":469,"column":12},"end":{"line":469,"column":55}},"183":{"start":{"line":480,"column":8},"end":{"line":480,"column":69}},"184":{"start":{"line":486
[...]
:1}},"13":{"start":{"line":24,"column":2},"end":{"line":24,"column":38}},"14":{"start":{"line":24,"column":31},"end":{"line":24,"column":38}},"15":{"start":{"line":26,"column":2},"end":{"line":33,"column":11}},"16":{"start":{"line":27,"column":4},"end":{"line":27,"column":58}},"17":{"start":{"line":28,"column":4},"end":{"line":32,"column":5}},"18":{"start":{"line":29,"column":6},"end":{"line":29,"column":37}},"19":{"start":{"line":31,"column":6},"end":{"line":31,"column":26}},"20":{"start":{"line":36,"column":0},"end":{"line":36,"column":23}},"21":{"start":{"line":38,"column":0},"end":{"line":40,"column":1}},"22":{"start":{"line":39,"column":2},"end":{"line":39,"column":38}},"23":{"start":{"line":42,"column":0},"end":{"line":84,"column":1}},"24":{"start":{"line":43,"column":2},"end":{"line":45,"column":3}},"25":{"start":{"line":44,"column":4},"end":{"line":44,"column":14}},"26":{"start":{"line":47,"column":2},"end":{"line":47,"column":41}},"27":{"start":{"line":48,"column":2},"end":{"line":50,"column":3}},"28":{"start":{"line":49,"column":4},"end":{"line":49,"column":37}},"29":{"start":{"line":52,"column":2},"end":{"line":52,"column":14}},"30":{"start":{"line":54,"column":2},"end":{"line":58,"column":3}},"31":{"start":{"line":55,"column":4},"end":{"line":55,"column":41}},"32":{"start":{"line":57,"column":4},"end":{"line":57,"column":17}},"33":{"start":{"line":60,"column":2},"end":{"line":60,"column":19}},"34":{"start":{"line":62,"column":2},"end":{"line":80,"column":14}},"35":{"start":{"line":63,"column":4},"end":{"line":63,"column":66}},"36":{"start":{"line":64,"column":4},"end":{"line":64,"column":17}},"37":{"start":{"line":66,"column":4},"end":{"line":75,"column":5}},"38":{"start":{"line":67,"column":6},"end":{"line":67,"column":32}},"39":{"start":{"line":70,"column":6},"end":{"line":71,"column":96}},"40":{"start":{"line":71,"column":8},"end":{"line":71,"column":96}},"41":{"start":{"line":73,"column":6},"end":{"line":73,"column":96}},"42":{"start":{"line":74,"column":6},"end":{"line":74,"column":21}},"43":{"start":{"line":77,"column":4},"end":{"line":77,"column":31}},"44":{"start":{"line":78,"column":4},"end":{"line":78,"column":27}},"45":{"start":{"line":79,"column":4},"end":{"line":79,"column":19}},"46":{"start":{"line":82,"column":2},"end":{"line":82,"column":38}},"47":{"start":{"line":83,"column":2},"end":{"line":83,"column":17}},"48":{"start":{"line":86,"column":0},"end":{"line":90,"column":1}},"49":{"start":{"line":87,"column":2},"end":{"line":87,"column":44}},"50":{"start":{"line":88,"column":2},"end":{"line":88,"column":46}},"51":{"start":{"line":89,"column":2},"end":{"line":89,"column":62}},"52":{"start":{"line":92,"column":0},"end":{"line":123,"column":1}},"53":{"start":{"line":93,"column":2},"end":{"line":96,"column":85}},"54":{"start":{"line":98,"column":2},"end":{"line":98,"column":24}},"55":{"start":{"line":99,"column":2},"end":{"line":99,"column":30}},"56":{"start":{"line":101,"column":2},"end":{"line":101,"column":37}},"57":{"start":{"line":103,"column":2},"end":{"line":103,"column":30}},"58":{"start":{"line":103,"column":23},"end":{"line":103,"column":30}},"59":{"start":{"line":105,"column":2},"end":{"line":105,"column":35}},"60":{"start":{"line":107,"column":2},"end":{"line":122,"column":11}},"61":{"start":{"line":108,"column":4},"end":{"line":110,"column":7}},"62":{"start":{"line":109,"column":6},"end":{"line":109,"column":45}},"63":{"start":{"line":112,"column":4},"end":{"line":112,"column":42}},"64":{"start":{"line":114,"column":4},"end":{"line":117,"column":6}},"65":{"start":{"line":119,"column":4},"end":{"line":119,"column":56}},"66":{"start":{"line":121,"column":4},"end":{"line":121,"column":23}},"67":{"start":{"line":125,"column":0},"end":{"line":142,"column":2}},"68":{"start":{"line":126,"column":2},"end":{"line":126,"column":18}},"69":{"start":{"line":128,"column":2},"end":{"line":132,"column":5}},"70":{"start":{"line":129,"column":4},"end":{"line":129,"column":39}},"71":{"start":{"line":129,"column":32},"end":{"line":129,"column":39}},"72":{"start":{"line":131,"column":4},"end":{"line":131,"column":22}},"73":{"start":{"line":134,"column":2},"end":{"line":139,"column":5}},"74":{"start":{"line":135,"column":4},"end":{"line":135,"column":57}},"75":{"start":{"line":136,"column":4},"end":{"line":136,"column":23}},"76":{"start":{"line":136,"column":16},"end":{"line":136,"column":23}},"77":{"start":{"line":138,"column":4},"end":{"line":138,"column":22}},"78":{"start":{"line":141,"column":2},"end":{"line":141,"column":23}},"79":{"start":{"line":144,"column":0},"end":{"line":146,"column":2}},"80":{"start":{"line":145,"column":2},"end":{"line":145,"column":21}},"81":{"start":{"line":149,"column":0},"end":{"line":174,"column":1}},"82":{"start":{"line":150,"column":2},"end":{"line":153,"column":83}},"83":{"start":{"line":155,"column":2},"end":{"line":155,"column":24}},"84":{"start":{"line":156,"column":2},"end":{"line":156,"column":32}},"85":{"start":{"line":157,"column":2},"end":{"line":157,"column":39}},"86":{"start":{"line":158,"column":2},"end":{"line":158,"column":55}},"87":{"start":{"line":160,"column":2},"end":{"line":168,"column":3}},"88":{"start":{"line":161,"column":4},"end":{"line":161,"column":37}},"89":{"start":{"line":165,"column":4},"end":{"line":167,"column":13}},"90":{"start":{"line":166,"column":6},"end":{"line":166,"column":96}},"91":{"start":{"line":173,"column":2},"end":{"line":173,"column":74}},"92":{"start":{"line":176,"column":0},"end":{"line":190,"column":2}},"93":{"start":{"line":177,"column":2},"end":{"line":177,"column":37}},"94":{"start":{"line":177,"column":30},"end":{"line":177,"column":37}},"95":{"start":{"line":179,"column":2},"end":{"line":183,"column":8}},"96":{"start":{"line":185,"column":2},"end":{"line":189,"column":46}},"97":{"start":{"line":192,"column":0},"end":{"line":219,"column":2}},"98":{"start":{"line":193,"column":2},"end":{"line":193,"column":38}},"99":{"start":{"line":195,"column":2},"end":{"line":218,"column":11}},"100":{"start":{"line":198,"column":4},"end":{"line":200,"column":48}},"101":{"start":{"line":202,"column":4},"end":{"line":203,"column":13}},"102":{"start":{"line":203,"column":6},"end":{"line":203,"column":13}},"103":{"start":{"line":205,"column":4},"end":{"line":208,"column":5}},"104":{"start":{"line":206,"column":6},"end":{"line":206,"column":43}},"105":{"start":{"line":207,"column":6},"end":{"line":207,"column":13}},"106":{"start":{"line":210,"column":4},"end":{"line":210,"column":28}},"107":{"start":{"line":211,"column":4},"end":{"line":211,"column":29}},"108":{"start":{"line":213,"column":4},"end":{"line":217,"column":46}},"109":{"start":{"line":221,"column":0},"end":{"line":233,"column":2}},"110":{"start":{"line":222,"column":2},"end":{"line":232,"column":3}},"111":{"start":{"line":223,"column":4},"end":{"line":225,"column":90}},"112":{"start":{"line":227,"column":4},"end":{"line":231,"column":25}},"113":{"start":{"line":235,"column":0},"end":{"line":237,"column":2}},"114":{"start":{"line":236,"column":2},"end":{"line":236,"column":24}},"115":{"start":{"line":239,"column":0},"end":{"line":241,"column":1}},"116":{"start":{"line":240,"column":2},"end":{"line":240,"column":45}},"117":{"start":{"line":243,"column":0},"end":{"line":252,"column":2}}},"branchMap":{"1":{"line":8,"type":"binary-expr","locations":[{"start":{"line":8,"column":10},"end":{"line":8,"column":16}},{"start":{"line":8,"column":20},"end":{"line":8,"column":37}},{"start":{"line":8,"column":42},"end":{"line":8,"column":76}}]},"2":{"line":24,"type":"if","locations":[{"start":{"line":24,"column":2},"end":{"line":24,"column":2}},{"start":{"line":24,"column":2},"end":{"line":24,"column":2}}]},"3":{"line":24,"type":"binary-expr","locations":[{"start":{"line":24,"column":6},"end":{"line":24,"column":12}},{"start":{"line":24,"column":16},"end":{"line":24,"column":29}}]},"4":{"line":28,"type":"if","locations":[{"start":{"line":28,"column":4},"end":{"line":28,"column":4}},{"start":{"line":28,"column":4},"end":{"line":28,"column":4}}]},"5":{"line":43,"type":"if","locations":[{"start":{"line":43,"column":2},"end":{"line":43,"column":2}},{"start":{"line":43,"column":2},"end":{"line":43,"column":2}}]},"6":{"line":43,"type":"binary-expr","locations":[{"start":{"line":43,"column":6},"end":{"line":43,"column":13}},{"start":{"line":43,"column":17},"end":{"line":43,"column":32}}]},"7":{"line":48,"type":"if","locations":[{"start":{"line":48,"column":2},"end":{"line":48,"column":2}},{"start":{"line":48,"column":2},"end":{"line":48,"column":2}}]},"8":{"line":70,"type":"if","locations":[{"start":{"line":70,"column":6},"end":{"line":70,"column":6}},{"start":{"line":70,"column":6},"end":{"line":70,"column":6}}]},"9":{"line":87,"type":"binary-expr","locations":[{"start":{"line":87,"column":21},"end":{"line":87,"column":37}},{"start":{"line":87,"column":41},"end":{"line":87,"column":43}}]},"10":{"line":88,"type":"binary-expr","locations":[{"start":{"line":88,"column":22},"end":{"line":88,"column":39}},{"start":{"line":88,"column":43},"end":{"line":88,"column":45}}]},"11":{"line":89,"type":"binary-expr","locations":[{"start":{"line":89,"column":30},"end":{"line":89,"column":55}},{"start":{"line":89,"column":59},"end":{"line":89,"column":61}}]},"12":{"line":103,"type":"if","locations":[{"start":{"line":103,"column":2},"end":{"line":103,"column":2}},{"start":{"line":103,"column":2},"end":{"line":103,"column":2}}]},"13":{"line":108,"type":"binary-expr","locations":[{"start":{"line":108,"column":20},"end":{"line":108,"column":34}},{"start":{"line":108,"column":38},"end":{"line":108,"column":40}}]},"14":{"line":112,"type":"binary-expr","locations":[{"start":{"line":112,"column":20},"end":{"line":112,"column":35}},{"start":{"line":112,"column":39},"end":{"line":112,"column":41}}]},"15":{"line":116,"type":"binary-expr","locations":[{"start":{"line":116,"column":12},"end":{"line":116,"column":23}},{"start":{"line":116,"column":27},"end":{"line":116,"column":29}}]},"16":{"line":129,"type":"if","locations":[{"start":{"line":129,"column":4},"end":{"line":129,"column":4}},{"start":{"line":129,"column":4},"end":{"line":129,"column":4}}]},"17":{"line":136,"type":"if","locations":[{"start":{"line":136,"column":4},"end":{"line":136,"column":4}},{"start":{"line":136,"column":4},"end":{"line":136,"column":4}}]},"18":{"line":160,"type":"if","locations":[{"start":{"line":160,"column":2},"end":{"line":160,"column":2}},{"start":{"line":160,"column":2},"end":{"line":160,"column":2}}]},"19":{"line":177,"type":"if","locations":[{"start":{"line":177,"column":2},"end":{"line":177,"column":2}},{"start":{"line":177,"column":2},"end":{"line":177,"column":2}}]},"20":{"line":198,"type":"cond-expr","locations":[{"start":{"line":198,"column":42},"end":{"line":198,"column":46}},{"start":{"line":198,"column":49},"end":{"line":198,"column":55}}]},"21":{"line":202,"type":"if","locations":[{"start":{"line":202,"column":4},"end":{"line":202,"column":4}},{"start":{"line":202,"column":4},"end":{"line":202,"column":4}}]},"22":{"line":202,"type":"binary-expr","locations":[{"start":{"line":202,"column":8},"end":{"line":202,"column":23}},{"start":{"line":202,"column":27},"end":{"line":202,"column":49}}]},"23":{"line":205,"type":"if","locations":[{"start":{"line":205,"column":4},"end":{"line":205,"column":4}},{"start":{"line":205,"column":4},"end":{"line":205,"column":4}}]},"24":{"line":205,"type":"binary-expr","locations":[{"start":{"line":205,"column":8},"end":{"line":205,"column":20}},{"start":{"line":205,"column":24},"end":{"line":205,"column":43}}]},"25":{"line":222,"type":"if","locations":[{"start":{"line":222,"column":2},"end":{"line":222,"column":2}},{"start":{"line":222,"column":2},"end":{"line":222,"column":2}}]}},"code":["var fs = require('fs'),","    inherits = require('util').inherits,","    path = require('path');","","var THROW_CONFLICTS = true;","","function getPluginPath(config) {","  return (config && config.pluginPath) || path.join(__dirname, '../plugins');","}","","function PluginError(message) {","  this.name = 'Plugin Error';","  this.message = this.name + ':\\n' + message;","}","inherits(PluginError, Error);","","function findEq(collection, option, value) {","  return collection.filter(function(item) {","    return item[option] == value;","  })[0];","}","","function mergeByName(acceptor, donor, name, onConflict) {","  if (!donor || !donor.length) return;","","  donor.forEach(function(note) {","    var sameOrigNote = findEq(acceptor, name, note[name]);","    if (sameOrigNote) {","      onConflict(sameOrigNote, note);","    } else {","      acceptor.push(note);","    }","  }, this);","}","","var cachedPlugins = {};","","function _setMockPlugins(pluginPath, plugins) {","  cachedPlugins[pluginPath] = plugins;","}","","function getPlugins(config) {","  if (!config || !config.plugins) {","    return [];","  }","","  var pluginPath = getPluginPath(config);","  if (cachedPlugins[pluginPath])  {","    return cachedPlugins[pluginPath];","  }","","  var dirlist;","","  try {","    dirlist = fs.readdirSync(pluginPath);","  } catch (err) {","    dirlist = [];","  }","","  var plugins = [];","","  dirlist.reduce(function(plugins, subdir) {","    var _path = path.resolve(pluginPath, subdir, 'manifest.json');","    var manifest;","","    try {","      manifest = require(_path);","","      // This excludes situation where we have two plugins with same name.","      if (subdir !== manifest.name)","        throw new PluginError('Plugin name in manifest.json is different from npm module name');","    } catch (e) {","      console.error('Corrupted manifest.json in %s plugin\\n%s\\n%s', subdir, e.message, e.stack);","      return plugins;","    }","","    validateManifest(manifest);","    plugins.push(manifest);","    return plugins;","  }, plugins);","","  cachedPlugins[pluginPath] = plugins;","  return plugins;","}","","function validateManifest(manifest) {","  manifest.session = manifest.session || {};","  manifest.protocol = manifest.protocol || {};","  manifest.protocol.domains = manifest.protocol.domains || [];","}","","function InspectorJson(config) {","  var inspectorJsonPath = path.join(__dirname, '../front-end/inspector.json'),","      inspectorJson = JSON.parse(fs.readFileSync(inspectorJsonPath)),","      extendedInspectorJsonPath = path.join(__dirname, '../front-end-node/inspector.json'),","      extendedInspectorJson = JSON.parse(fs.readFileSync(extendedInspectorJsonPath));","","  this._config = config;","  this._notes = inspectorJson;","","  this._merge(extendedInspectorJson);","","  if (!config.plugins) return;","","  var plugins = getPlugins(config);","","  plugins.forEach(function(plugin) {","    var excludes = (plugin.exclude || []).map(function(name) {","      return { name: name, type: 'exclude' };","    });","","    var overrides = plugin.override || [];","","    var note = {","      name: 'plugins/' + plugin.name,","      type: plugin.type || ''","    };","","    var notes = excludes.concat(overrides).concat(note);","","    this._merge(notes);","  }, this);","}","","InspectorJson.prototype._merge = function(toMergeNotes) {","  var result = [];","","  toMergeNotes.forEach(function(note) {","    if (note.type == 'exclude') return;","","    result.push(note);","  });","","  this._notes.forEach(function(note) {","    var exists = findEq(toMergeNotes, 'name', note.name);","    if (exists) return;","","    result.push(note);","  });","","  this._notes = result;","};","","InspectorJson.prototype.toJSON = function() {","  return this._notes;","};","","","function ProtocolJson(config) {","  var protocolJsonPath = path.join(__dirname, '../tools/protocol.json'),","      protocolJson = JSON.parse(fs.readFileSync(protocolJsonPath)),","      extendedProtocolJsonPath = path.join(__dirname, '../front-end-node/protocol.json'),","      extendedProtocolJson = JSON.parse(fs.readFileSync(extendedProtocolJsonPath));","","  this._config = config;","  this._protocol = protocolJson;","  this._domains = protocolJson.domains;","  this._extendedDomains = extendedProtocolJson.domains;","","  if (config.plugins) {","    var plugins = getPlugins(config);","    // At first step we merge all plugins in one protocol.","    // We expect what plugins doesn't have equal methods, events or types,","    // otherwise we throw an error, because this is unsolvable situation.","    plugins.forEach(function(plugin) {","      this._merge(THROW_CONFLICTS, plugin.name, this._extendedDomains, plugin.protocol.domains);","    }, this);","  }","","  // At second step we merge plugins with main protocol.","  // Plugins can override original methods, events or types,","  // so we don't need to throw error on conflict, we only print a warning to console.","  this._merge(!THROW_CONFLICTS, '', this._domains, this._extendedDomains);","}","","ProtocolJson.prototype._merge = function(throwConflicts, pluginName, origDomains, toMergeDomains) {","  if (!toMergeDomains.length) return;","","  var uniqueName = 'domain',","      state = {","        throwConflicts: throwConflicts,","        plugin: pluginName","      };","","  mergeByName(","    origDomains,","    toMergeDomains,","    uniqueName,","    this._onDomainConflict.bind(this, state));","};","","ProtocolJson.prototype._onDomainConflict = function(state, origDomain, toMergeDomain) {","  state.domain = toMergeDomain.domain;","","  ['commands', 'events', 'types'].forEach(function(section) {","    // TODO(3y3): types are unique for protocol, not for domain.","    // We need to register types cache and search in it for conflicts.","    var uniqueName = section == 'types' ? 'id' : 'name',","        origSection = origDomain[section],","        toMergeSection = toMergeDomain[section];","","    if (!toMergeSection || !toMergeSection.length)","      return;","","    if (!origSection || !origSection.length) {","      origDomain[section] = toMergeSection;","      return;","    }","","    state.section = section;","    state.uname = uniqueName;","","    mergeByName(","      origSection,","      toMergeSection,","      uniqueName,","      this._onItemConflict.bind(this, state));","  }, this);","};","","ProtocolJson.prototype._onItemConflict = function(state, origItem, toMergeItem) {","  if (state.throwConflicts) {","    throw new PluginError(","      'Unresolved conflict in ' + state.section + ' section of `' + state.plugin + '` plugin: ' +","      'item with ' + state.uname + ' `' + toMergeItem[state.uname] + '` already exists.');","  } else {","    console.warn(","      'Item with ' + state.uname + ' `' + toMergeItem[state.uname] + '`' +","      ' in ' + state.section + ' section' +","      ' of ' + state.domain + ' domain' +","      ' was owerriden.');","  }","};","","ProtocolJson.prototype.toJSON = function() {","  return this._protocol;","};","","function init(config) {","  module.exports.CWD = getPluginPath(config);","}","","module.exports = {","  _setMockPlugins: _setMockPlugins,","  getPluginPath: getPluginPath,","  getPlugins: getPlugins,","  validateManifest: validateManifest,","  PluginError: PluginError,","  InspectorJson: InspectorJson,","  ProtocolJson: ProtocolJson,","  init: init","};",""],"l":{"1":1,"5":1,"7":1,"8":0,"11":1,"12":0,"13":0,"15":1,"17":1,"18":0,"19":0,"23":1,"24":0,"26":0,"27":0,"28":0,"29":0,"31":0,"36":1,"38":1,"39":0,"42":1,"43":0,"44":0,"47":0,"48":0,"49":0,"52":0,"54":0,"55":0,"57":0,"60":0,"62":0,"63":0,"64":0,"66":0,"67":0,"70":0,"71":0,"73":0,"74":0,"77":0,"78":0,"79":0,"82":0,"83":0,"86":1,"87":0,"88":0,"89":0,"92":1,"93":0,"98":0,"99":0,"101":0,"103":0,"105":0,"107":0,"108":0,"109":0,"112":0,"114":0,"119":0,"121":0,"125":1,"126":0,"128":0,"129":0,"131":0,"134":0,"135":0,"136":0,"138":0,"141":0,"144":1,"145":0,"149":1,"150":0,"155":0,"156":0,"157":0,"158":0,"160":0,"161":0,"165":0,"166":0,"173":0,"176":1,"177":0,"179":0,"185":0,"192":1,"193":0,"195":0,"198":0,"202":0,"203":0,"205":0,"206":0,"207":0,"210":0,"211":0,"213":0,"221":1,"222":0,"223":0,"227":0,"235":1,"236":0,"239":1,"240":0,"243":1}}}